Warning[205] C:\USERS\MAURI\MPLABXPROJECTS\DIGITAL2\EJERCICIOS.X\EJERCICIO_5-2.ASM 2 : Found directive in column 1. (LIST)
Warning[205] C:\USERS\MAURI\MPLABXPROJECTS\DIGITAL2\EJERCICIOS.X\EJERCICIO_5-2.ASM 6 : Found directive in column 1. (__CONFIG)
Warning[205] C:\USERS\MAURI\MPLABXPROJECTS\DIGITAL2\EJERCICIOS.X\EJERCICIO_5-2.ASM 13 : Found directive in column 1. (ORG)
Warning[203] C:\USERS\MAURI\MPLABXPROJECTS\DIGITAL2\EJERCICIOS.X\EJERCICIO_5-2.ASM 14 : Found opcode in column 1. (GOTO)
Error[113]   C:\USERS\MAURI\MPLABXPROJECTS\DIGITAL2\EJERCICIOS.X\EJERCICIO_5-2.ASM 14 : Symbol not previously defined (INICIO)
Warning[205] C:\USERS\MAURI\MPLABXPROJECTS\DIGITAL2\EJERCICIOS.X\EJERCICIO_5-2.ASM 15 : Found directive in column 1. (ORG)
Warning[203] C:\USERS\MAURI\MPLABXPROJECTS\DIGITAL2\EJERCICIOS.X\EJERCICIO_5-2.ASM 16 : Found opcode in column 1. (GOTO)
Warning[205] C:\USERS\MAURI\MPLABXPROJECTS\DIGITAL2\EJERCICIOS.X\EJERCICIO_5-2.ASM 17 : Found directive in column 1. (ORG)
Error[121]   C:\USERS\MAURI\MPLABXPROJECTS\DIGITAL2\EJERCICIOS.X\EJERCICIO_5-2.ASM 19 : Illegal label (INICIO)
Message[302] C:\USERS\MAURI\MPLABXPROJECTS\DIGITAL2\EJERCICIOS.X\EJERCICIO_5-2.ASM 20 : Register in operand not in bank 0.  Ensure that bank bits are correct.
Message[302] C:\USERS\MAURI\MPLABXPROJECTS\DIGITAL2\EJERCICIOS.X\EJERCICIO_5-2.ASM 21 : Register in operand not in bank 0.  Ensure that bank bits are correct.
Message[302] C:\USERS\MAURI\MPLABXPROJECTS\DIGITAL2\EJERCICIOS.X\EJERCICIO_5-2.ASM 22 : Register in operand not in bank 0.  Ensure that bank bits are correct.
Error[113]   C:\USERS\MAURI\MPLABXPROJECTS\DIGITAL2\EJERCICIOS.X\EJERCICIO_5-2.ASM 22 : Symbol not previously defined (INTEDC)
Message[302] C:\USERS\MAURI\MPLABXPROJECTS\DIGITAL2\EJERCICIOS.X\EJERCICIO_5-2.ASM 23 : Register in operand not in bank 0.  Ensure that bank bits are correct.
Error[113]   C:\USERS\MAURI\MPLABXPROJECTS\DIGITAL2\EJERCICIOS.X\EJERCICIO_5-2.ASM 23 : Symbol not previously defined (NOT_RGPU)
Warning[207] C:\USERS\MAURI\MPLABXPROJECTS\DIGITAL2\EJERCICIOS.X\EJERCICIO_5-2.ASM 28 : Found label after column 1. (LOOP)
Warning[207] C:\USERS\MAURI\MPLABXPROJECTS\DIGITAL2\EJERCICIOS.X\EJERCICIO_5-2.ASM 31 : Found label after column 1. (SWAP)
Error[122]   C:\USERS\MAURI\MPLABXPROJECTS\DIGITAL2\EJERCICIOS.X\EJERCICIO_5-2.ASM 31 : Illegal opcode (STATUS)
Error[113]   C:\USERS\MAURI\MPLABXPROJECTS\DIGITAL2\EJERCICIOS.X\EJERCICIO_5-2.ASM 43 : Symbol not previously defined (TABLE_LEDS)
Error[113]   C:\USERS\MAURI\MPLABXPROJECTS\DIGITAL2\EJERCICIOS.X\EJERCICIO_5-2.ASM 44 : Symbol not previously defined (PORTB_MASK)
Warning[205] C:\USERS\MAURI\MPLABXPROJECTS\DIGITAL2\EJERCICIOS.X\EJERCICIO_5-2.ASM 54 : Found directive in column 1. (END)
