MPASM 5.81                      TRABAJO4.ASM   10-13-2025  18:00:43         PAGE  1


LOC  OBJECT CODE     LINE SOURCE TEXT
  VALUE

                      00001 ;*** Directivas de Inclusión ***    
Warning[205]: Found directive in column 1. (LIST)
                      00002 LIST P=16F887                
                      00003 #include "p16f887.inc"
                      00001         LIST
                      00002 
                      00003 ;==========================================================================
                      00004 ; Build date : Jul 23 2018
                      00005 ;  MPASM PIC16F887 processor include
                      00006 ; 
                      00007 ;  (c) Copyright 1999-2018 Microchip Technology, All rights reserved
                      00008 ;==========================================================================
                      00009 
                      00810         LIST
                      00004 
                      00005 ;**** Configuración General ****    
Warning[205]: Found directive in column 1. (__CONFIG)
2007   2FF1           00006 __CONFIG _CONFIG1, _XT_OSC & _WDTE_OFF & _MCLRE_ON & _LVP_OFF    
                      00007     
                      00008 ;**** Definición de Variables ****
Warning[205]: Found directive in column 1. (CBLOCK)
                      00009 CBLOCK 0x20
  00000020            00010     W_TEMP         
  00000021            00011     STATUS_TEMP     
  00000022            00012     DELAY1_2ms
  00000023            00013     DELAY2_2ms
  00000024            00014     DELAY1_20ms
  00000025            00015     DELAY2_20ms
  00000026            00016     CONT
  00000027            00017     UNI
  00000028            00018     DECS
  00000029            00019     CEN
  0000002A            00020     ISR_TECL
  0000002B            00021     NTECL
  0000002C            00022     NTECL_CONT
Warning[205]: Found directive in column 1. (ENDC)
                      00023 ENDC  
                      00024 
                      00025 ;*** Vectores de Reset e Interrupción ***
Warning[205]: Found directive in column 1. (ORG)
                      00026 ORG 0x00
Warning[203]: Found opcode in column 1. (GOTO)
0000   2???           00027 GOTO INICIO
Warning[205]: Found directive in column 1. (ORG)
                      00028 ORG 0x04
Warning[203]: Found opcode in column 1. (GOTO)
0004   2???           00029 GOTO ISR_INICIO   
                      00030 
                      00031 ;==============================================================
                      00032 ; PROGRAMA PRINCIPAL
                      00033 ;==============================================================
0005                  00034 INICIO    
0005   1683 1703      00035     BANKSEL ANSELH
MPASM 5.81                      TRABAJO4.ASM   10-13-2025  18:00:43         PAGE  2


LOC  OBJECT CODE     LINE SOURCE TEXT
  VALUE

Message[302]: Register in operand not in bank 0.  Ensure that bank bits are correct.
0007   0189           00036     CLRF    ANSELH               ; PORTB digital
Message[302]: Register in operand not in bank 0.  Ensure that bank bits are correct.
0008   1288           00037     BCF     ANSEL,5
Message[302]: Register in operand not in bank 0.  Ensure that bank bits are correct.
0009   1308           00038     BCF     ANSEL,6
Message[302]: Register in operand not in bank 0.  Ensure that bank bits are correct.
000A   1388           00039     BCF     ANSEL,7
000B   1683 1303      00040     BANKSEL TRISB
000D   30F0           00041     MOVLW b'11110000'         ; RB7-RB4 = entradas (columnas), RB3-RB0 = salidas (filas)
Message[302]: Register in operand not in bank 0.  Ensure that bank bits are correct.
000E   0086           00042     MOVWF TRISB
Message[302]: Register in operand not in bank 0.  Ensure that bank bits are correct.
000F   1009           00043     BCF     TRISE,0
Message[302]: Register in operand not in bank 0.  Ensure that bank bits are correct.
0010   1089           00044     BCF     TRISE,1
Message[302]: Register in operand not in bank 0.  Ensure that bank bits are correct.
0011   1109           00045     BCF     TRISE,2
Message[302]: Register in operand not in bank 0.  Ensure that bank bits are correct.
0012   0188           00046     CLRF    TRISD
                      00047     
0013   1683 1303      00048     BANKSEL OPTION_REG
Message[302]: Register in operand not in bank 0.  Ensure that bank bits are correct.
0015   1381           00049     BCF OPTION_REG,7             ; Habilita pull-ups en PORTB (RBPU=0)
                      00050    
0016   1683 1303      00051     BANKSEL IOCB
0018   30F0           00052     MOVLW b'11110000'          ; Habilita cambio en RB7?RB4
Message[302]: Register in operand not in bank 0.  Ensure that bank bits are correct.
0019   0096           00053     MOVWF IOCB
                      00054     
                      00055     ; Inicializa las filas en alto (sin presionar tecla)
001A   1283 1303      00056     BANKSEL PORTB
001C   3000           00057     MOVLW   b'00000000'      ; 
001D   0086           00058     MOVWF PORTB
001E   0188           00059     CLRF  PORTD
001F   01AB           00060     CLRF NTECL
0020   01A6           00061     CLRF CONT
0021   01A7           00062     CLRF UNI
0022   01A8           00063     CLRF DECS
0023   01A9           00064     CLRF CEN
0024   01AC           00065      CLRF NTECL_CONT          
                      00066    
                      00067     ; Habilita interrupciones por cambio en PORTB
0025   1283 1303      00068     BANKSEL INTCON
0027   100B           00069     BCF INTCON, RBIF      ; Limpia bandera anterior
0028   0806           00070     MOVF PORTB, W         ; Lectura obligatoria para armar el latch
0029   158B           00071     BSF INTCON, RBIE       ; Habilita interrupción en cambio de RB
002A   178B           00072     BSF INTCON, GIE        ; Habilita interrupciones globales
                      00073 
002B                  00074 MAIN_LOOP
002B                  00075 LOOP_MUESTREO
002B   2???           00076     CALL MUESTREO             ; Actualiza displays o salida
002C   0AA6           00077     INCF    CONT,F
MPASM 5.81                      TRABAJO4.ASM   10-13-2025  18:00:43         PAGE  3


LOC  OBJECT CODE     LINE SOURCE TEXT
  VALUE

002D   3011           00078     MOVLW   .17
002E   0226           00079     SUBWF   CONT,W
002F   1D03           00080     BTFSS   STATUS,Z
0030   2???           00081     GOTO    LOOP_MUESTREO
0031   2???           00082     GOTO    MAIN_LOOP
                      00083     
                      00084 ;==============================================================
                      00085 ; RUTINA DE INTERRUPCIÓN
                      00086 ;==============================================================
0032                  00087 ISR_INICIO    
0032   00A0           00088     MOVWF   W_TEMP
0033   0803           00089     MOVFW   STATUS
0034   00A1           00090     MOVWF   STATUS_TEMP
                      00091 
0035   1C0B           00092     BTFSS   INTCON,RBIF
0036   2???           00093     GOTO    ISR_FIN
                      00094     
                      00095     ; *** ANTIRREBOTE INICIAL ***
0037   2???           00096     CALL    DELAY_20ms
                      00097     
0038   01AB           00098     CLRF    NTECL              
0039   300E           00099     MOVLW   b'00001110'        ; Activa primera fila
003A   0086           00100     MOVWF   PORTB
003B   2???           00101     CALL    DELAY_20ms          ; *** DELAY PARA ESTABILIZAR ***
003C   2???           00102     GOTO    TEST_COL
                      00103 
                      00104 ;--------------------------------------------------------------
                      00105 ; Detecta columna activa
                      00106 ;--------------------------------------------------------------
003D                  00107 TEST_COL
003D   1E06           00108     BTFSS   PORTB,4            
003E   2???           00109     GOTO    TECL_DELAYC1
003F   0AAB           00110     INCF    NTECL,F            
                      00111     
0040   1E86           00112     BTFSS   PORTB,5            
0041   2???           00113     GOTO    TECL_DELAYC2
0042   0AAB           00114     INCF    NTECL,F            
                      00115     
0043   1F06           00116     BTFSS   PORTB,6            
0044   2???           00117     GOTO    TECL_DELAYC3
0045   0AAB           00118     INCF    NTECL,F            
                      00119     
0046   1F86           00120     BTFSS   PORTB,7            
0047   2???           00121     GOTO    TECL_DELAYC4
                      00122     
0048   0AAB           00123     INCF    NTECL,F            
0049   2???           00124     GOTO    TEST_FIL
                      00125 
                      00126 ;--------------------------------------------------------------
                      00127 ; Cambia fila activa para seguir buscando tecla
                      00128 ;--------------------------------------------------------------
004A                  00129 TEST_FIL
004A   1D86           00130     BTFSS   PORTB,RB3            
MPASM 5.81                      TRABAJO4.ASM   10-13-2025  18:00:43         PAGE  4


LOC  OBJECT CODE     LINE SOURCE TEXT
  VALUE

004B   2???           00131     GOTO    TECL_RES           
                      00132     
004C   1403           00133     BSF     STATUS,C
004D   0D86           00134     RLF     PORTB,F            
004E   2???           00135     CALL    DELAY_20ms          ; *** DELAY DESPUÉS DE CAMBIAR FILA ***
004F   2???           00136     GOTO    TEST_COL
                      00137 
                      00138 ;--------------------------------------------------------------
                      00139 ; Detecta qué columna se activó y verifica tecla
                      00140 ;--------------------------------------------------------------
0050                  00141 TECL_DELAYC1
0050   2???           00142     CALL    DELAY_20ms
0051   2???           00143     CALL    DELAY_20ms
0052   1E06           00144     BTFSS   PORTB,4             
0053   2???           00145     GOTO    TECL_LOAD
0054   2???           00146     GOTO    TECL_RES
                      00147 
0055                  00148 TECL_DELAYC2
0055   2???           00149     CALL    DELAY_20ms
0056   2???           00150     CALL    DELAY_20ms
0057   1E86           00151     BTFSS   PORTB,5
0058   2???           00152     GOTO    TECL_LOAD
0059   2???           00153     GOTO    TECL_RES
                      00154 
005A                  00155 TECL_DELAYC3
005A   2???           00156     CALL    DELAY_20ms
005B   2???           00157     CALL    DELAY_20ms
005C   1F06           00158     BTFSS   PORTB,6
005D   2???           00159     GOTO    TECL_LOAD
005E   2???           00160     GOTO    TECL_RES
                      00161 
005F                  00162 TECL_DELAYC4
005F   2???           00163     CALL    DELAY_20ms
0060   2???           00164     CALL    DELAY_20ms
0061   1F86           00165     BTFSS   PORTB,7
0062   2???           00166     GOTO    TECL_LOAD
0063   2???           00167     GOTO    TECL_RES
                      00168 
                      00169 ;--------------------------------------------------------------
                      00170 ; Guarda valor según la tecla y fila detectada
                      00171 ;--------------------------------------------------------------
0064                  00172 TECL_LOAD
0064   0AAC           00173     INCF    NTECL_CONT,F
                      00174     
0065   3004           00175     MOVLW   0x04
0066   022C           00176     SUBWF   NTECL_CONT,0
0067   1903           00177     BTFSC   STATUS,Z
0068   2???           00178     GOTO    TECL_RES
                      00179 
0069   3003           00180     MOVLW   0x03
006A   022C           00181     SUBWF   NTECL_CONT,0
006B   1903           00182     BTFSC   STATUS,Z
006C   2???           00183     GOTO    TECL_LOAD3
MPASM 5.81                      TRABAJO4.ASM   10-13-2025  18:00:43         PAGE  5


LOC  OBJECT CODE     LINE SOURCE TEXT
  VALUE

                      00184 
006D   3002           00185     MOVLW   0x02
006E   022C           00186     SUBWF   NTECL_CONT,0
006F   1903           00187     BTFSC   STATUS,Z
0070   2???           00188     GOTO    TECL_LOAD2
                      00189 
0071   2???           00190     GOTO    TECL_LOAD1
                      00191 
0072                  00192 TECL_LOAD3
0072   082B           00193     MOVF    NTECL,W        
0073   00A7           00194     MOVWF   UNI
0074   118B           00195     BCF     INTCON,RBIE         
0075   138B           00196     BCF     INTCON,GIE          
0076   2???           00197     GOTO    TECL_RES
                      00198     
0077                  00199 TECL_LOAD2
0077   082B           00200     MOVF    NTECL,W
0078   00A8           00201     MOVWF   DECS
0079   2???           00202     GOTO    TECL_RES
                      00203     
007A                  00204 TECL_LOAD1
007A   082B           00205     MOVF    NTECL,W
007B   00A9           00206     MOVWF   CEN
007C   2???           00207     GOTO    TECL_RES
                      00208 
                      00209 ;--------------------------------------------------------------
                      00210 ; Limpieza final de interrupción
                      00211 ;--------------------------------------------------------------
007D                  00212 TECL_RES
                      00213     ; *** ACTIVAR TODAS LAS FILAS PARA DETECTAR LIBERACIÓN ***
007D   300F           00214     MOVLW   b'00001111'         ; Activa todas las filas
007E   0086           00215     MOVWF   PORTB
007F   0000           00216     NOP
0080   0000           00217     NOP
                      00218     
0081                  00219 WAIT_RELEASE
0081   30F0           00220     MOVLW   b'11110000'
0082   0506           00221     ANDWF   PORTB,W
0083   3CF0           00222     SUBLW   b'11110000'         
0084   1D03           00223     BTFSS   STATUS,Z
0085   2???           00224     GOTO    WAIT_RELEASE        
                      00225     
0086   01AB           00226     CLRF    NTECL        
0087   3000           00227     MOVLW   b'00000000'         ; Desactiva todas las filas
0088   0086           00228     MOVWF   PORTB
0089   0000           00229     NOP
008A   0000           00230     NOP
008B   0806           00231     MOVF    PORTB,W             ; Lectura para limpiar mismatch
008C   100B           00232     BCF     INTCON,RBIF
008D   2???           00233     GOTO    ISR_FIN
                      00234 
                      00235 ;--------------------------------------------------------------
                      00236 ; Restaura registros y sale de interrupción
MPASM 5.81                      TRABAJO4.ASM   10-13-2025  18:00:43         PAGE  6


LOC  OBJECT CODE     LINE SOURCE TEXT
  VALUE

                      00237 ;--------------------------------------------------------------
008E                  00238 ISR_FIN
008E   0821           00239     MOVFW   STATUS_TEMP
008F   0083           00240     MOVWF   STATUS
0090   0820           00241     MOVFW   W_TEMP
0091   0009           00242     RETFIE
                      00243 
                      00244 ;==============================================================
                      00245 ; RUTINA MUESTREO (actualiza displays o salidas)
                      00246 ;==============================================================
0092                  00247 MUESTREO
0092   1409           00248     BSF     PORTE,0
0093   1089           00249     BCF     PORTE,1
0094   1109           00250     BCF     PORTE,2
0095   0827           00251     MOVF    UNI,W
0096   2???           00252     CALL    TABLA_TECL
0097   0088           00253     MOVWF   PORTD
0098   2???           00254     CALL    DELAY_2ms
                      00255 
0099   1009           00256     BCF     PORTE,0
009A   1489           00257     BSF     PORTE,1
009B   1109           00258     BCF     PORTE,2
009C   0828           00259     MOVF    DECS,W
009D   2???           00260     CALL    TABLA_TECL
009E   0088           00261     MOVWF   PORTD
009F   2???           00262     CALL    DELAY_2ms
                      00263 
00A0   1009           00264     BCF     PORTE,0
00A1   1089           00265     BCF     PORTE,1
00A2   1509           00266     BSF     PORTE,2
00A3   0829           00267     MOVF    CEN,W
00A4   2???           00268     CALL    TABLA_TECL
00A5   0088           00269     MOVWF   PORTD
00A6   2???           00270     CALL    DELAY_2ms
00A7   0008           00271     RETURN
                      00272 
                      00273 ;==============================================================
                      00274 ; TABLA DE CONVERSIÓN PARA DISPLAY 7 SEGMENTOS
                      00275 ;==============================================================
00A8                  00276 TABLA_TECL
00A8   0782           00277     ADDWF PCL,F
00A9   343F           00278     RETLW b'00111111'  ; 0
00AA   3406           00279     RETLW b'00000110'  ; 1
00AB   345B           00280     RETLW b'01011011'  ; 2
00AC   344F           00281     RETLW b'01001111'  ; 3
00AD   3466           00282     RETLW b'01100110'  ; 4
00AE   346D           00283     RETLW b'01101101'  ; 5
00AF   347D           00284     RETLW b'01111101'  ; 6
00B0   3407           00285     RETLW b'00000111'  ; 7
00B1   347F           00286     RETLW b'01111111'  ; 8
00B2   346F           00287     RETLW b'01101111'  ; 9
00B3   3477           00288     RETLW b'01110111'  ; A
00B4   347C           00289     RETLW b'01111100'  ; B
MPASM 5.81                      TRABAJO4.ASM   10-13-2025  18:00:43         PAGE  7


LOC  OBJECT CODE     LINE SOURCE TEXT
  VALUE

00B5   3439           00290     RETLW b'00111001'  ; C
00B6   345E           00291     RETLW b'01011110'  ; D
00B7   3479           00292     RETLW b'01111001'  ; E
00B8   3471           00293     RETLW b'01110001'  ; F
                      00294 
                      00295 ;==============================================================
                      00296 ; DELAYS
                      00297 ;==============================================================
00B9                  00298 DELAY_2ms
00B9   3050           00299     MOVLW   D'80'         
00BA   00A2           00300     MOVWF   DELAY1_2ms
00BB                  00301 LOOP1_2ms
00BB   3008           00302     MOVLW   D'8'          
00BC   00A3           00303     MOVWF   DELAY2_2ms
00BD                  00304 LOOP2_2ms
00BD   0000           00305     NOP
00BE   0BA3           00306     DECFSZ  DELAY2_2ms, F
00BF   2???           00307     GOTO    LOOP2_2ms
00C0   0BA2           00308     DECFSZ  DELAY1_2ms, F
00C1   2???           00309     GOTO    LOOP1_2ms
00C2   0008           00310     RETURN
                      00311 
00C3                  00312 DELAY_20ms
00C3   3050           00313     MOVLW   D'80'          
00C4   00A4           00314     MOVWF   DELAY1_20ms
00C5                  00315 LOOP1_20ms
00C5   3050           00316     MOVLW   D'80'          
00C6   00A5           00317     MOVWF   DELAY2_20ms
00C7                  00318 LOOP2_20ms
00C7   0000           00319     NOP
00C8   0BA5           00320     DECFSZ  DELAY2_20ms, F
00C9   2???           00321     GOTO    LOOP2_20ms
00CA   0BA4           00322     DECFSZ  DELAY1_20ms, F
00CB   2???           00323     GOTO    LOOP1_20ms
00CC   0008           00324     RETURN
                      00325 
Warning[205]: Found directive in column 1. (END)
2FF1                  00326 END
MPASM 5.81                      TRABAJO4.ASM   10-13-2025  18:00:43         PAGE  8


SYMBOL TABLE
  LABEL                             VALUE 

ABDEN                             00000000
ABDOVF                            00000007
ACKDT                             00000005
ACKEN                             00000004
ACKSTAT                           00000006
ADCON0                            0000001F
ADCON1                            0000009F
ADCS0                             00000006
ADCS1                             00000007
ADDEN                             00000003
ADFM                              00000007
ADIE                              00000006
ADIF                              00000006
ADON                              00000000
ADRESH                            0000001E
ADRESL                            0000009E
ANS0                              00000000
ANS1                              00000001
ANS10                             00000002
ANS11                             00000003
ANS12                             00000004
ANS13                             00000005
ANS2                              00000002
ANS3                              00000003
ANS4                              00000004
ANS5                              00000005
ANS6                              00000006
ANS7                              00000007
ANS8                              00000000
ANS9                              00000001
ANSEL                             00000188
ANSELH                            00000189
BAUDCTL                           00000187
BCLIE                             00000003
BCLIF                             00000003
BF                                00000000
BRG0                              00000000
BRG1                              00000001
BRG10                             00000002
BRG11                             00000003
BRG12                             00000004
BRG13                             00000005
BRG14                             00000006
BRG15                             00000007
BRG16                             00000003
BRG2                              00000002
BRG3                              00000003
BRG4                              00000004
BRG5                              00000005
BRG6                              00000006
BRG7                              00000007
BRG8                              00000000
BRG9                              00000001
MPASM 5.81                      TRABAJO4.ASM   10-13-2025  18:00:43         PAGE  9


SYMBOL TABLE
  LABEL                             VALUE 

BRGH                              00000002
C                                 00000000
C1CH0                             00000000
C1CH1                             00000001
C1IE                              00000005
C1IF                              00000005
C1OE                              00000005
C1ON                              00000007
C1OUT                             00000006
C1POL                             00000004
C1R                               00000002
C1RSEL                            00000005
C1SEN                             00000005
C2CH0                             00000000
C2CH1                             00000001
C2IE                              00000006
C2IF                              00000006
C2OE                              00000005
C2ON                              00000007
C2OUT                             00000006
C2POL                             00000004
C2R                               00000002
C2REN                             00000004
C2RSEL                            00000004
C2SYNC                            00000000
CCP1CON                           00000017
CCP1IE                            00000002
CCP1IF                            00000002
CCP1M0                            00000000
CCP1M1                            00000001
CCP1M2                            00000002
CCP1M3                            00000003
CCP1X                             00000005
CCP1Y                             00000004
CCP2CON                           0000001D
CCP2IE                            00000000
CCP2IF                            00000000
CCP2M0                            00000000
CCP2M1                            00000001
CCP2M2                            00000002
CCP2M3                            00000003
CCP2X                             00000005
CCP2Y                             00000004
CCPR1                             00000015
CCPR1H                            00000016
CCPR1L                            00000015
CCPR2                             0000001B
CCPR2H                            0000001C
CCPR2L                            0000001B
CEN                               00000029
CHS0                              00000002
CHS1                              00000003
CHS2                              00000004
MPASM 5.81                      TRABAJO4.ASM   10-13-2025  18:00:43         PAGE 10


SYMBOL TABLE
  LABEL                             VALUE 

CHS3                              00000005
CKE                               00000006
CKP                               00000004
CM1CON0                           00000107
CM2CON0                           00000108
CM2CON1                           00000109
CONT                              00000026
CREN                              00000004
CSRC                              00000007
D                                 00000005
DATA_ADDRESS                      00000005
DC                                00000001
DC1B0                             00000004
DC1B1                             00000005
DC2B0                             00000004
DC2B1                             00000005
DECS                              00000028
DELAY1_20ms                       00000024
DELAY1_2ms                        00000022
DELAY2_20ms                       00000025
DELAY2_2ms                        00000023
DELAY_20ms                        000000C3
DELAY_2ms                         000000B9
D_A                               00000005
D_NOT_A                           00000005
ECCPAS                            0000009C
ECCPAS0                           00000004
ECCPAS1                           00000005
ECCPAS2                           00000006
ECCPASE                           00000007
EEADR                             0000010D
EEADRH                            0000010F
EECON1                            0000018C
EECON2                            0000018D
EEDAT                             0000010C
EEDATA                            0000010C
EEDATH                            0000010E
EEIE                              00000004
EEIF                              00000004
EEPGD                             00000007
F                                 00000001
FERR                              00000002
FSR                               00000004
FVREN                             00000000
GCEN                              00000007
GIE                               00000007
GO                                00000001
GO_DONE                           00000001
GO_NOT_DONE                       00000001
HTS                               00000002
I2C_DATA                          00000005
I2C_READ                          00000002
I2C_START                         00000003
MPASM 5.81                      TRABAJO4.ASM   10-13-2025  18:00:43         PAGE 11


SYMBOL TABLE
  LABEL                             VALUE 

I2C_STOP                          00000004
INDF                              00000000
INICIO                            00000005
INTCON                            0000000B
INTE                              00000004
INTEDG                            00000006
INTF                              00000001
IOCB                              00000096
IOCB0                             00000000
IOCB1                             00000001
IOCB2                             00000002
IOCB3                             00000003
IOCB4                             00000004
IOCB5                             00000005
IOCB6                             00000006
IOCB7                             00000007
IRCF0                             00000004
IRCF1                             00000005
IRCF2                             00000006
IRP                               00000007
ISR_FIN                           0000008E
ISR_INICIO                        00000032
ISR_TECL                          0000002A
LOOP1_20ms                        000000C5
LOOP1_2ms                         000000BB
LOOP2_20ms                        000000C7
LOOP2_2ms                         000000BD
LOOP_MUESTREO                     0000002B
LTS                               00000001
MAIN_LOOP                         0000002B
MC1OUT                            00000007
MC2OUT                            00000006
MSK                               00000093
MSK0                              00000000
MSK1                              00000001
MSK2                              00000002
MSK3                              00000003
MSK4                              00000004
MSK5                              00000005
MSK6                              00000006
MSK7                              00000007
MUESTREO                          00000092
NOT_A                             00000005
NOT_ADDRESS                       00000005
NOT_BO                            00000000
NOT_BOR                           00000000
NOT_DONE                          00000001
NOT_PD                            00000003
NOT_POR                           00000001
NOT_RBPU                          00000007
NOT_RC8                           00000006
NOT_T1SYNC                        00000002
NOT_TO                            00000004
MPASM 5.81                      TRABAJO4.ASM   10-13-2025  18:00:43         PAGE 12


SYMBOL TABLE
  LABEL                             VALUE 

NOT_TX8                           00000006
NOT_W                             00000002
NOT_WRITE                         00000002
NTECL                             0000002B
NTECL_CONT                        0000002C
OERR                              00000001
OPTION_REG                        00000081
OSCCON                            0000008F
OSCTUNE                           00000090
OSFIE                             00000007
OSFIF                             00000007
OSTS                              00000003
P                                 00000004
P1M0                              00000006
P1M1                              00000007
PCL                               00000002
PCLATH                            0000000A
PCON                              0000008E
PDC0                              00000000
PDC1                              00000001
PDC2                              00000002
PDC3                              00000003
PDC4                              00000004
PDC5                              00000005
PDC6                              00000006
PEIE                              00000006
PEN                               00000002
PIE1                              0000008C
PIE2                              0000008D
PIR1                              0000000C
PIR2                              0000000D
PORTA                             00000005
PORTB                             00000006
PORTC                             00000007
PORTD                             00000008
PORTE                             00000009
PR2                               00000092
PRSEN                             00000007
PS0                               00000000
PS1                               00000001
PS2                               00000002
PSA                               00000003
PSSAC0                            00000002
PSSAC1                            00000003
PSSBD0                            00000000
PSSBD1                            00000001
PSTRCON                           0000009D
PULSR                             00000002
PULSS                             00000003
PWM1CON                           0000009B
R                                 00000002
RA0                               00000000
RA1                               00000001
MPASM 5.81                      TRABAJO4.ASM   10-13-2025  18:00:43         PAGE 13


SYMBOL TABLE
  LABEL                             VALUE 

RA2                               00000002
RA3                               00000003
RA4                               00000004
RA5                               00000005
RA6                               00000006
RA7                               00000007
RB0                               00000000
RB1                               00000001
RB2                               00000002
RB3                               00000003
RB4                               00000004
RB5                               00000005
RB6                               00000006
RB7                               00000007
RBIE                              00000003
RBIF                              00000000
RC0                               00000000
RC1                               00000001
RC2                               00000002
RC3                               00000003
RC4                               00000004
RC5                               00000005
RC6                               00000006
RC7                               00000007
RC8_9                             00000006
RC9                               00000006
RCD8                              00000000
RCEN                              00000003
RCIDL                             00000006
RCIE                              00000005
RCIF                              00000005
RCREG                             0000001A
RCSTA                             00000018
RD                                00000000
RD0                               00000000
RD1                               00000001
RD2                               00000002
RD3                               00000003
RD4                               00000004
RD5                               00000005
RD6                               00000006
RD7                               00000007
RE0                               00000000
RE1                               00000001
RE2                               00000002
RE3                               00000003
READ_WRITE                        00000002
RP0                               00000005
RP1                               00000006
RSEN                              00000001
RX9                               00000006
RX9D                              00000000
R_NOT_W                           00000002
MPASM 5.81                      TRABAJO4.ASM   10-13-2025  18:00:43         PAGE 14


SYMBOL TABLE
  LABEL                             VALUE 

R_W                               00000002
S                                 00000003
SBOREN                            00000004
SCKP                              00000004
SCS                               00000000
SEN                               00000000
SENDB                             00000003
SMP                               00000007
SPBRG                             00000099
SPBRGH                            0000009A
SPEN                              00000007
SR0                               00000006
SR1                               00000007
SRCON                             00000185
SREN                              00000005
SSPADD                            00000093
SSPBUF                            00000013
SSPCON                            00000014
SSPCON2                           00000091
SSPEN                             00000005
SSPIE                             00000003
SSPIF                             00000003
SSPM0                             00000000
SSPM1                             00000001
SSPM2                             00000002
SSPM3                             00000003
SSPMSK                            00000093
SSPOV                             00000006
SSPSTAT                           00000094
STATUS                            00000003
STATUS_TEMP                       00000021
STRA                              00000000
STRB                              00000001
STRC                              00000002
STRD                              00000003
STRSYNC                           00000004
SWDTEN                            00000000
SYNC                              00000004
T0CS                              00000005
T0IE                              00000005
T0IF                              00000002
T0SE                              00000004
T1CKPS0                           00000004
T1CKPS1                           00000005
T1CON                             00000010
T1GINV                            00000007
T1GIV                             00000007
T1GSS                             00000001
T1INSYNC                          00000002
T1OSCEN                           00000003
T1SYNC                            00000002
T2CKPS0                           00000000
T2CKPS1                           00000001
MPASM 5.81                      TRABAJO4.ASM   10-13-2025  18:00:43         PAGE 15


SYMBOL TABLE
  LABEL                             VALUE 

T2CON                             00000012
TABLA_TECL                        000000A8
TECL_DELAYC1                      00000050
TECL_DELAYC2                      00000055
TECL_DELAYC3                      0000005A
TECL_DELAYC4                      0000005F
TECL_LOAD                         00000064
TECL_LOAD1                        0000007A
TECL_LOAD2                        00000077
TECL_LOAD3                        00000072
TECL_RES                          0000007D
TEST_COL                          0000003D
TEST_FIL                          0000004A
TMR0                              00000001
TMR0IE                            00000005
TMR0IF                            00000002
TMR1                              0000000E
TMR1CS                            00000001
TMR1GE                            00000006
TMR1H                             0000000F
TMR1IE                            00000000
TMR1IF                            00000000
TMR1L                             0000000E
TMR1ON                            00000000
TMR2                              00000011
TMR2IE                            00000001
TMR2IF                            00000001
TMR2ON                            00000002
TOUTPS0                           00000003
TOUTPS1                           00000004
TOUTPS2                           00000005
TOUTPS3                           00000006
TRISA                             00000085
TRISA0                            00000000
TRISA1                            00000001
TRISA2                            00000002
TRISA3                            00000003
TRISA4                            00000004
TRISA5                            00000005
TRISA6                            00000006
TRISA7                            00000007
TRISB                             00000086
TRISB0                            00000000
TRISB1                            00000001
TRISB2                            00000002
TRISB3                            00000003
TRISB4                            00000004
TRISB5                            00000005
TRISB6                            00000006
TRISB7                            00000007
TRISC                             00000087
TRISC0                            00000000
TRISC1                            00000001
MPASM 5.81                      TRABAJO4.ASM   10-13-2025  18:00:43         PAGE 16


SYMBOL TABLE
  LABEL                             VALUE 

TRISC2                            00000002
TRISC3                            00000003
TRISC4                            00000004
TRISC5                            00000005
TRISC6                            00000006
TRISC7                            00000007
TRISD                             00000088
TRISD0                            00000000
TRISD1                            00000001
TRISD2                            00000002
TRISD3                            00000003
TRISD4                            00000004
TRISD5                            00000005
TRISD6                            00000006
TRISD7                            00000007
TRISE                             00000089
TRISE0                            00000000
TRISE1                            00000001
TRISE2                            00000002
TRISE3                            00000003
TRMT                              00000001
TUN0                              00000000
TUN1                              00000001
TUN2                              00000002
TUN3                              00000003
TUN4                              00000004
TX8_9                             00000006
TX9                               00000006
TX9D                              00000000
TXD8                              00000000
TXEN                              00000005
TXIE                              00000004
TXIF                              00000004
TXREG                             00000019
TXSTA                             00000098
UA                                00000001
ULPWUE                            00000005
ULPWUIE                           00000002
ULPWUIF                           00000002
UNI                               00000027
VCFG0                             00000004
VCFG1                             00000005
VR0                               00000000
VR1                               00000001
VR2                               00000002
VR3                               00000003
VRCON                             00000097
VREN                              00000007
VROE                              00000006
VRR                               00000005
VRSS                              00000004
W                                 00000000
WAIT_RELEASE                      00000081
MPASM 5.81                      TRABAJO4.ASM   10-13-2025  18:00:43         PAGE 17


SYMBOL TABLE
  LABEL                             VALUE 

WCOL                              00000007
WDTCON                            00000105
WDTPS0                            00000001
WDTPS1                            00000002
WDTPS2                            00000003
WDTPS3                            00000004
WPUB                              00000095
WPUB0                             00000000
WPUB1                             00000001
WPUB2                             00000002
WPUB3                             00000003
WPUB4                             00000004
WPUB5                             00000005
WPUB6                             00000006
WPUB7                             00000007
WR                                00000001
WREN                              00000002
WRERR                             00000003
WUE                               00000001
W_TEMP                            00000020
Z                                 00000002
_BOR21V                           00003EFF
_BOR40V                           00003FFF
_BOR4V_BOR21V                     00003EFF
_BOR4V_BOR40V                     00003FFF
_BOREN_NSLEEP                     00003EFF
_BOREN_OFF                        00003CFF
_BOREN_ON                         00003FFF
_BOREN_SBODEN                     00003DFF
_BOR_NSLEEP                       00003EFF
_BOR_OFF                          00003CFF
_BOR_ON                           00003FFF
_BOR_SBODEN                       00003DFF
_CONFIG1                          00002007
_CONFIG2                          00002008
_CPD_OFF                          00003FFF
_CPD_ON                           00003F7F
_CP_OFF                           00003FFF
_CP_ON                            00003FBF
_DEBUG_OFF                        00003FFF
_DEBUG_ON                         00001FFF
_DEVID1                           00002006
_EC_OSC                           00003FFB
_EXTRC                            00003FFF
_EXTRCIO                          00003FFE
_EXTRC_OSC_CLKOUT                 00003FFF
_EXTRC_OSC_NOCLKOUT               00003FFE
_FCMEN_OFF                        000037FF
_FCMEN_ON                         00003FFF
_FOSC_EC                          00003FFB
_FOSC_EXTRC_CLKOUT                00003FFF
_FOSC_EXTRC_NOCLKOUT              00003FFE
_FOSC_HS                          00003FFA
MPASM 5.81                      TRABAJO4.ASM   10-13-2025  18:00:43         PAGE 18


SYMBOL TABLE
  LABEL                             VALUE 

_FOSC_INTRC_CLKOUT                00003FFD
_FOSC_INTRC_NOCLKOUT              00003FFC
_FOSC_LP                          00003FF8
_FOSC_XT                          00003FF9
_HS_OSC                           00003FFA
_IDLOC0                           00002000
_IDLOC1                           00002001
_IDLOC2                           00002002
_IDLOC3                           00002003
_IESO_OFF                         00003BFF
_IESO_ON                          00003FFF
_INTOSC                           00003FFD
_INTOSCIO                         00003FFC
_INTRC_OSC_CLKOUT                 00003FFD
_INTRC_OSC_NOCLKOUT               00003FFC
_LP_OSC                           00003FF8
_LVP_OFF                          00002FFF
_LVP_ON                           00003FFF
_MCLRE_OFF                        00003FDF
_MCLRE_ON                         00003FFF
_PWRTE_OFF                        00003FFF
_PWRTE_ON                         00003FEF
_WDTE_OFF                         00003FF7
_WDTE_ON                          00003FFF
_WDT_OFF                          00003FF7
_WDT_ON                           00003FFF
_WRT_1FOURTH                      00003BFF
_WRT_256                          00003DFF
_WRT_HALF                         000039FF
_WRT_OFF                          00003FFF
_XT_OSC                           00003FF9
__16F887                          00000001

Errors   :     0
Warnings :     9 reported,     0 suppressed
Messages :    11 reported,     0 suppressed

