Warning[205] C:\USERS\MAURICIO\MPLABXPROJECTS\TRABAJOSPRACTICO.X\TRABAJO5INTEGRADOR.ASM 2 : Found directive in column 1. (LIST)
Warning[205] C:\USERS\MAURICIO\MPLABXPROJECTS\TRABAJOSPRACTICO.X\TRABAJO5INTEGRADOR.ASM 6 : Found directive in column 1. (__CONFIG)
Warning[205] C:\USERS\MAURICIO\MPLABXPROJECTS\TRABAJOSPRACTICO.X\TRABAJO5INTEGRADOR.ASM 9 : Found directive in column 1. (CBLOCK)
Warning[205] C:\USERS\MAURICIO\MPLABXPROJECTS\TRABAJOSPRACTICO.X\TRABAJO5INTEGRADOR.ASM 23 : Found directive in column 1. (ENDC)
Warning[205] C:\USERS\MAURICIO\MPLABXPROJECTS\TRABAJOSPRACTICO.X\TRABAJO5INTEGRADOR.ASM 26 : Found directive in column 1. (ORG)
Warning[203] C:\USERS\MAURICIO\MPLABXPROJECTS\TRABAJOSPRACTICO.X\TRABAJO5INTEGRADOR.ASM 27 : Found opcode in column 1. (GOTO)
Warning[205] C:\USERS\MAURICIO\MPLABXPROJECTS\TRABAJOSPRACTICO.X\TRABAJO5INTEGRADOR.ASM 28 : Found directive in column 1. (ORG)
Warning[203] C:\USERS\MAURICIO\MPLABXPROJECTS\TRABAJOSPRACTICO.X\TRABAJO5INTEGRADOR.ASM 29 : Found opcode in column 1. (GOTO)
Warning[205] C:\USERS\MAURICIO\MPLABXPROJECTS\TRABAJOSPRACTICO.X\TRABAJO5INTEGRADOR.ASM 41 : Found directive in column 1. (ENDM)
Warning[205] C:\USERS\MAURICIO\MPLABXPROJECTS\TRABAJOSPRACTICO.X\TRABAJO5INTEGRADOR.ASM 52 : Found directive in column 1. (ENDM)
Warning[205] C:\USERS\MAURICIO\MPLABXPROJECTS\TRABAJOSPRACTICO.X\TRABAJO5INTEGRADOR.ASM 57 : Found directive in column 1. (ENDM)
Warning[205] C:\USERS\MAURICIO\MPLABXPROJECTS\TRABAJOSPRACTICO.X\TRABAJO5INTEGRADOR.ASM 65 : Found directive in column 1. (ENDM)
Warning[205] C:\USERS\MAURICIO\MPLABXPROJECTS\TRABAJOSPRACTICO.X\TRABAJO5INTEGRADOR.ASM 75 : Found directive in column 1. (ENDM)
Warning[205] C:\USERS\MAURICIO\MPLABXPROJECTS\TRABAJOSPRACTICO.X\TRABAJO5INTEGRADOR.ASM 83 : Found directive in column 1. (ENDM)
Warning[205] C:\USERS\MAURICIO\MPLABXPROJECTS\TRABAJOSPRACTICO.X\TRABAJO5INTEGRADOR.ASM 98 : Found directive in column 1. (ENDM)
Warning[205] C:\USERS\MAURICIO\MPLABXPROJECTS\TRABAJOSPRACTICO.X\TRABAJO5INTEGRADOR.ASM 106 : Found directive in column 1. (ENDM)
Warning[205] C:\USERS\MAURICIO\MPLABXPROJECTS\TRABAJOSPRACTICO.X\TRABAJO5INTEGRADOR.ASM 125 : Found directive in column 1. (ENDM)
Warning[206] C:\USERS\MAURICIO\MPLABXPROJECTS\TRABAJOSPRACTICO.X\TRABAJO5INTEGRADOR.ASM 130 : Found call to macro in column 1. (INI_PORTE)
Message[302] C:\USERS\MAURICIO\MPLABXPROJECTS\TRABAJOSPRACTICO.X\TRABAJO5INTEGRADOR.ASM 45 : Register in operand not in bank 0.  Ensure that bank bits are correct.
Message[302] C:\USERS\MAURICIO\MPLABXPROJECTS\TRABAJOSPRACTICO.X\TRABAJO5INTEGRADOR.ASM 46 : Register in operand not in bank 0.  Ensure that bank bits are correct.
Message[302] C:\USERS\MAURICIO\MPLABXPROJECTS\TRABAJOSPRACTICO.X\TRABAJO5INTEGRADOR.ASM 47 : Register in operand not in bank 0.  Ensure that bank bits are correct.
Message[302] C:\USERS\MAURICIO\MPLABXPROJECTS\TRABAJOSPRACTICO.X\TRABAJO5INTEGRADOR.ASM 49 : Register in operand not in bank 0.  Ensure that bank bits are correct.
Message[302] C:\USERS\MAURICIO\MPLABXPROJECTS\TRABAJOSPRACTICO.X\TRABAJO5INTEGRADOR.ASM 50 : Register in operand not in bank 0.  Ensure that bank bits are correct.
Message[302] C:\USERS\MAURICIO\MPLABXPROJECTS\TRABAJOSPRACTICO.X\TRABAJO5INTEGRADOR.ASM 51 : Register in operand not in bank 0.  Ensure that bank bits are correct.
Warning[206] C:\USERS\MAURICIO\MPLABXPROJECTS\TRABAJOSPRACTICO.X\TRABAJO5INTEGRADOR.ASM 131 : Found call to macro in column 1. (INI_PORTB)
Message[302] C:\USERS\MAURICIO\MPLABXPROJECTS\TRABAJOSPRACTICO.X\TRABAJO5INTEGRADOR.ASM 37 : Register in operand not in bank 0.  Ensure that bank bits are correct.
Message[302] C:\USERS\MAURICIO\MPLABXPROJECTS\TRABAJOSPRACTICO.X\TRABAJO5INTEGRADOR.ASM 40 : Register in operand not in bank 0.  Ensure that bank bits are correct.
Warning[206] C:\USERS\MAURICIO\MPLABXPROJECTS\TRABAJOSPRACTICO.X\TRABAJO5INTEGRADOR.ASM 132 : Found call to macro in column 1. (INI_PORTA)
Message[302] C:\USERS\MAURICIO\MPLABXPROJECTS\TRABAJOSPRACTICO.X\TRABAJO5INTEGRADOR.ASM 69 : Register in operand not in bank 0.  Ensure that bank bits are correct.
Message[302] C:\USERS\MAURICIO\MPLABXPROJECTS\TRABAJOSPRACTICO.X\TRABAJO5INTEGRADOR.ASM 70 : Register in operand not in bank 0.  Ensure that bank bits are correct.
Message[302] C:\USERS\MAURICIO\MPLABXPROJECTS\TRABAJOSPRACTICO.X\TRABAJO5INTEGRADOR.ASM 72 : Register in operand not in bank 0.  Ensure that bank bits are correct.
Message[302] C:\USERS\MAURICIO\MPLABXPROJECTS\TRABAJOSPRACTICO.X\TRABAJO5INTEGRADOR.ASM 73 : Register in operand not in bank 0.  Ensure that bank bits are correct.
Message[302] C:\USERS\MAURICIO\MPLABXPROJECTS\TRABAJOSPRACTICO.X\TRABAJO5INTEGRADOR.ASM 74 : Register in operand not in bank 0.  Ensure that bank bits are correct.
Warning[206] C:\USERS\MAURICIO\MPLABXPROJECTS\TRABAJOSPRACTICO.X\TRABAJO5INTEGRADOR.ASM 133 : Found call to macro in column 1. (INI_PORTC)
Message[302] C:\USERS\MAURICIO\MPLABXPROJECTS\TRABAJOSPRACTICO.X\TRABAJO5INTEGRADOR.ASM 61 : Register in operand not in bank 0.  Ensure that bank bits are correct.
Message[302] C:\USERS\MAURICIO\MPLABXPROJECTS\TRABAJOSPRACTICO.X\TRABAJO5INTEGRADOR.ASM 62 : Register in operand not in bank 0.  Ensure that bank bits are correct.
Message[302] C:\USERS\MAURICIO\MPLABXPROJECTS\TRABAJOSPRACTICO.X\TRABAJO5INTEGRADOR.ASM 63 : Register in operand not in bank 0.  Ensure that bank bits are correct.
Message[302] C:\USERS\MAURICIO\MPLABXPROJECTS\TRABAJOSPRACTICO.X\TRABAJO5INTEGRADOR.ASM 64 : Register in operand not in bank 0.  Ensure that bank bits are correct.
Warning[206] C:\USERS\MAURICIO\MPLABXPROJECTS\TRABAJOSPRACTICO.X\TRABAJO5INTEGRADOR.ASM 134 : Found call to macro in column 1. (INI_PORTD)
Message[302] C:\USERS\MAURICIO\MPLABXPROJECTS\TRABAJOSPRACTICO.X\TRABAJO5INTEGRADOR.ASM 56 : Register in operand not in bank 0.  Ensure that bank bits are correct.
Warning[206] C:\USERS\MAURICIO\MPLABXPROJECTS\TRABAJOSPRACTICO.X\TRABAJO5INTEGRADOR.ASM 135 : Found call to macro in column 1. (INI_TECL)
Message[302] C:\USERS\MAURICIO\MPLABXPROJECTS\TRABAJOSPRACTICO.X\TRABAJO5INTEGRADOR.ASM 79 : Register in operand not in bank 0.  Ensure that bank bits are correct.
Message[302] C:\USERS\MAURICIO\MPLABXPROJECTS\TRABAJOSPRACTICO.X\TRABAJO5INTEGRADOR.ASM 82 : Register in operand not in bank 0.  Ensure that bank bits are correct.
Warning[206] C:\USERS\MAURICIO\MPLABXPROJECTS\TRABAJOSPRACTICO.X\TRABAJO5INTEGRADOR.ASM 136 : Found call to macro in column 1. (INI_PUERTOS)
Warning[206] C:\USERS\MAURICIO\MPLABXPROJECTS\TRABAJOSPRACTICO.X\TRABAJO5INTEGRADOR.ASM 137 : Found call to macro in column 1. (INI_ADC)
Message[302] C:\USERS\MAURICIO\MPLABXPROJECTS\TRABAJOSPRACTICO.X\TRABAJO5INTEGRADOR.ASM 111 : Register in operand not in bank 0.  Ensure that bank bits are correct.
Message[302] C:\USERS\MAURICIO\MPLABXPROJECTS\TRABAJOSPRACTICO.X\TRABAJO5INTEGRADOR.ASM 115 : Register in operand not in bank 0.  Ensure that bank bits are correct.
Warning[206] C:\USERS\MAURICIO\MPLABXPROJECTS\TRABAJOSPRACTICO.X\TRABAJO5INTEGRADOR.ASM 138 : Found call to macro in column 1. (INI_INTER)
Warning[207] C:\USERS\MAURICIO\MPLABXPROJECTS\TRABAJOSPRACTICO.X\TRABAJO5INTEGRADOR.ASM 287 : Found label after column 1. (ADC_READ)
Warning[203] C:\USERS\MAURICIO\MPLABXPROJECTS\TRABAJOSPRACTICO.X\TRABAJO5INTEGRADOR.ASM 469 : Found opcode in column 1. (RETURN)
Warning[205] C:\USERS\MAURICIO\MPLABXPROJECTS\TRABAJOSPRACTICO.X\TRABAJO5INTEGRADOR.ASM 546 : Found directive in column 1. (END)
