MPASM 5.81                      TRABAJO3.ASM   10-4-2025  15:54:27         PAGE  1


LOC  OBJECT CODE     LINE SOURCE TEXT
  VALUE

                      00001 ;*** Directivas de Inclusión ***    
Warning[205]: Found directive in column 1. (LIST)
                      00002 LIST P=16F887                
                      00003 #include "p16f887.inc"
                      00001         LIST
                      00002 
                      00003 ;==========================================================================
                      00004 ; Build date : Jul 23 2018
                      00005 ;  MPASM PIC16F887 processor include
                      00006 ; 
                      00007 ;  (c) Copyright 1999-2018 Microchip Technology, All rights reserved
                      00008 ;==========================================================================
                      00009 
                      00810         LIST
                      00004 
                      00005 ;**** Configuración General ****    
Warning[205]: Found directive in column 1. (__CONFIG)
2007   2FF1           00006 __CONFIG _CONFIG1, _XT_OSC & _WDTE_OFF & _MCLRE_ON & _LVP_OFF      
                      00007 
                      00008 ;**** Definición de Variables ****
Warning[205]: Found directive in column 1. (CBLOCK)
                      00009 CBLOCK 0x20
  00000020            00010     DELAY1_150ms
  00000021            00011     DELAY2_150ms
  00000022            00012     DELAY3_150ms
  00000023            00013     DELAY1_2ms
  00000024            00014     DELAY2_2ms
  00000025            00015     CONT
  00000026            00016     UNI
  00000027            00017     DECS
  00000028            00018     CEN
Warning[205]: Found directive in column 1. (ENDC)
                      00019 ENDC
                      00020 
                      00021 ;*** Inicialización de Programa ***     
Warning[205]: Found directive in column 1. (ORG)
                      00022 ORG 0x00
0000   2???           00023     GOTO INICIO       
Warning[205]: Found directive in column 1. (ORG)
                      00024 ORG 0x05          
                      00025 
                      00026 ;*** Inicio del programa ***
0005                  00027 INICIO
                      00028 ; Configuración de puertos
0005   1683           00029     BSF     STATUS,RP0
0006   1703           00030     BSF     STATUS,RP1        ; Banco 3
Message[302]: Register in operand not in bank 0.  Ensure that bank bits are correct.
0007   0189           00031     CLRF    ANSELH            ; PORTB digital
Message[302]: Register in operand not in bank 0.  Ensure that bank bits are correct.
0008   1288           00032     BCF     ANSEL,5
Message[302]: Register in operand not in bank 0.  Ensure that bank bits are correct.
0009   1308           00033     BCF     ANSEL,6
Message[302]: Register in operand not in bank 0.  Ensure that bank bits are correct.
MPASM 5.81                      TRABAJO3.ASM   10-4-2025  15:54:27         PAGE  2


LOC  OBJECT CODE     LINE SOURCE TEXT
  VALUE

000A   1388           00034     BCF     ANSEL,7
000B   1303           00035     BCF     STATUS,RP1        ; Banco 1
Message[302]: Register in operand not in bank 0.  Ensure that bank bits are correct.
000C   0186           00036     CLRF    TRISB             ; PORTB salida
Message[302]: Register in operand not in bank 0.  Ensure that bank bits are correct.
000D   1009           00037     BCF     TRISE,0
Message[302]: Register in operand not in bank 0.  Ensure that bank bits are correct.
000E   1089           00038     BCF     TRISE,1
Message[302]: Register in operand not in bank 0.  Ensure that bank bits are correct.
000F   1109           00039     BCF     TRISE,2
0010   1283           00040     BCF     STATUS,RP0        ; Banco 0
0011   0186           00041     CLRF    PORTB
0012   0189           00042     CLRF    PORTE
0013   01A6           00043     CLRF    UNI
0014   01A7           00044     CLRF    DECS
0015   01A8           00045     CLRF    CEN
0016   01A5           00046     CLRF    CONT
0017   2???           00047     GOTO    LOOP_UNI
                      00048 ;*** Loop principal ***
0018                  00049 LOOP_DECS
0018   0AA7           00050     INCF    DECS,F
0019   300A           00051     MOVLW   .10
001A   0227           00052     SUBWF   DECS,W
001B   1903           00053     BTFSC   STATUS,Z
001C   2???           00054     GOTO    CENTENAS
001D                  00055 LOOP_UNI
001D   01A5           00056     CLRF    CONT
001E                  00057 LOOP_MUESTREO
001E   2???           00058     CALL    MUESTREO
001F   0AA5           00059     INCF    CONT,F
0020   3011           00060     MOVLW   .17
0021   0225           00061     SUBWF   CONT,W
0022   1D03           00062     BTFSS   STATUS,Z
0023   2???           00063     GOTO    LOOP_MUESTREO
0024   2???           00064     CALL    TEST_100
0025   0AA6           00065     INCF    UNI,F
0026   300A           00066     MOVLW   .10
0027   0226           00067     SUBWF   UNI,W
0028   1D03           00068     BTFSS   STATUS,Z
0029   2???           00069     GOTO    LOOP_UNI
002A   01A6           00070     CLRF    UNI
002B   2???           00071     GOTO    LOOP_DECS
                      00072     
002C                  00073 CENTENAS
002C   01A7           00074     CLRF    DECS
002D   0AA8           00075     INCF    CEN,F
002E   2???           00076     GOTO    LOOP_UNI
                      00077     
002F                  00078 LOOP_PARPADEO
002F   1409           00079         BSF     PORTE,0
0030   1489           00080         BSF     PORTE,1
0031   1509           00081         BSF     PORTE,2
0032   303F           00082         MOVLW   b'00111111'
MPASM 5.81                      TRABAJO3.ASM   10-4-2025  15:54:27         PAGE  3


LOC  OBJECT CODE     LINE SOURCE TEXT
  VALUE

0033   0086           00083         MOVWF   PORTB
0034   2???           00084         CALL    DELAY_150ms
0035   0186           00085         CLRF    PORTB
0036   2???           00086         CALL    DELAY_150ms
Warning[203]: Found opcode in column 1. (GOTO)
0037   2???           00087 GOTO    LOOP_PARPADEO
                      00088 ;*** Tabla de decodificación usando ADDWF PCL,F ***
0038                  00089 TABLA_DECO
0038   0782           00090     ADDWF PCL,F        ; sumamos W (CONT) al PCL
0039   343F           00091     RETLW b'00111111'  ; 0
003A   3406           00092     RETLW b'00000110'  ; 1
003B   345B           00093     RETLW b'01011011'  ; 2
003C   344F           00094     RETLW b'01001111'  ; 3
003D   3466           00095     RETLW b'01100110'  ; 4
003E   346D           00096     RETLW b'01101101'  ; 5
003F   347D           00097     RETLW b'01111101'  ; 6
0040   3407           00098     RETLW b'00000111'  ; 7
0041   347F           00099     RETLW b'01111111'  ; 8
0042   346F           00100     RETLW b'01101111'  ; 9
                      00101 
0043                  00102 MUESTREO
0043   1409           00103     BSF     PORTE,0
0044   1089           00104     BCF     PORTE,1
0045   1109           00105     BCF     PORTE,2
0046   0826           00106     MOVF    UNI,W
0047   2???           00107     CALL    TABLA_DECO
0048   0086           00108     MOVWF   PORTB
0049   2???           00109     CALL    DELAY_2ms
004A   1009           00110     BCF     PORTE,0
004B   1489           00111     BSF     PORTE,1
004C   1109           00112     BCF     PORTE,2
004D   0827           00113     MOVF    DECS,W
004E   2???           00114     CALL    TABLA_DECO
004F   0086           00115     MOVWF   PORTB
0050   2???           00116     CALL    DELAY_2ms
0051   1009           00117     BCF     PORTE,0
0052   1089           00118     BCF     PORTE,1
0053   1509           00119     BSF     PORTE,2
0054   0828           00120     MOVF    CEN,W
0055   2???           00121     CALL    TABLA_DECO
0056   0086           00122     MOVWF   PORTB
0057   2???           00123     CALL    DELAY_2ms 
0058   0008           00124     RETURN
                      00125     
0059                  00126 TEST_100
0059   0828           00127     MOVF    CEN,W
005A   3C01           00128     SUBLW   .1          ; ¿CEN == 1?
005B   1903           00129     BTFSC   STATUS,Z
005C   2???           00130     GOTO    LOOP_PARPADEO
005D   0008           00131     RETURN
                      00132     
                      00133 
005E                  00134 DELAY_2ms
MPASM 5.81                      TRABAJO3.ASM   10-4-2025  15:54:27         PAGE  4


LOC  OBJECT CODE     LINE SOURCE TEXT
  VALUE

005E   3050           00135     MOVLW   D'80'         
005F   00A3           00136     MOVWF   DELAY1_2ms
0060                  00137 LOOP1_2ms
0060   3008           00138     MOVLW   D'8'          
0061   00A4           00139     MOVWF   DELAY2_2ms
0062                  00140 LOOP2_2ms
0062   0000           00141     NOP
0063   0BA4           00142     DECFSZ  DELAY2_2ms, F
0064   2???           00143     GOTO    LOOP2_2ms
0065   0BA3           00144     DECFSZ  DELAY1_2ms, F
0066   2???           00145     GOTO    LOOP1_2ms
0067   0008           00146     RETURN
                      00147 
                      00148     
0068                  00149 DELAY_150ms
0068   304B           00150     MOVLW   D'75'
0069   00A0           00151     MOVWF   DELAY1_150ms
006A                  00152 LOOP1_150ms
006A   30C8           00153     MOVLW   D'200'
006B   00A1           00154     MOVWF   DELAY2_150ms
006C                  00155 LOOP2_150ms
006C   300A           00156     MOVLW   D'10'
006D   00A2           00157     MOVWF   DELAY3_150ms
006E                  00158 LOOP3_150ms
006E   0BA2           00159     DECFSZ  DELAY3_150ms, F
006F   2???           00160     GOTO    LOOP3_150ms
0070   0BA1           00161     DECFSZ  DELAY2_150ms, F
0071   2???           00162     GOTO    LOOP2_150ms
0072   0BA0           00163     DECFSZ  DELAY1_150ms, F
0073   2???           00164     GOTO    LOOP1_150ms
0074   0008           00165     RETURN
                      00166 
Warning[205]: Found directive in column 1. (END)
2FF1                  00167 END
MPASM 5.81                      TRABAJO3.ASM   10-4-2025  15:54:27         PAGE  5


SYMBOL TABLE
  LABEL                             VALUE 

ABDEN                             00000000
ABDOVF                            00000007
ACKDT                             00000005
ACKEN                             00000004
ACKSTAT                           00000006
ADCON0                            0000001F
ADCON1                            0000009F
ADCS0                             00000006
ADCS1                             00000007
ADDEN                             00000003
ADFM                              00000007
ADIE                              00000006
ADIF                              00000006
ADON                              00000000
ADRESH                            0000001E
ADRESL                            0000009E
ANS0                              00000000
ANS1                              00000001
ANS10                             00000002
ANS11                             00000003
ANS12                             00000004
ANS13                             00000005
ANS2                              00000002
ANS3                              00000003
ANS4                              00000004
ANS5                              00000005
ANS6                              00000006
ANS7                              00000007
ANS8                              00000000
ANS9                              00000001
ANSEL                             00000188
ANSELH                            00000189
BAUDCTL                           00000187
BCLIE                             00000003
BCLIF                             00000003
BF                                00000000
BRG0                              00000000
BRG1                              00000001
BRG10                             00000002
BRG11                             00000003
BRG12                             00000004
BRG13                             00000005
BRG14                             00000006
BRG15                             00000007
BRG16                             00000003
BRG2                              00000002
BRG3                              00000003
BRG4                              00000004
BRG5                              00000005
BRG6                              00000006
BRG7                              00000007
BRG8                              00000000
BRG9                              00000001
MPASM 5.81                      TRABAJO3.ASM   10-4-2025  15:54:27         PAGE  6


SYMBOL TABLE
  LABEL                             VALUE 

BRGH                              00000002
C                                 00000000
C1CH0                             00000000
C1CH1                             00000001
C1IE                              00000005
C1IF                              00000005
C1OE                              00000005
C1ON                              00000007
C1OUT                             00000006
C1POL                             00000004
C1R                               00000002
C1RSEL                            00000005
C1SEN                             00000005
C2CH0                             00000000
C2CH1                             00000001
C2IE                              00000006
C2IF                              00000006
C2OE                              00000005
C2ON                              00000007
C2OUT                             00000006
C2POL                             00000004
C2R                               00000002
C2REN                             00000004
C2RSEL                            00000004
C2SYNC                            00000000
CCP1CON                           00000017
CCP1IE                            00000002
CCP1IF                            00000002
CCP1M0                            00000000
CCP1M1                            00000001
CCP1M2                            00000002
CCP1M3                            00000003
CCP1X                             00000005
CCP1Y                             00000004
CCP2CON                           0000001D
CCP2IE                            00000000
CCP2IF                            00000000
CCP2M0                            00000000
CCP2M1                            00000001
CCP2M2                            00000002
CCP2M3                            00000003
CCP2X                             00000005
CCP2Y                             00000004
CCPR1                             00000015
CCPR1H                            00000016
CCPR1L                            00000015
CCPR2                             0000001B
CCPR2H                            0000001C
CCPR2L                            0000001B
CEN                               00000028
CENTENAS                          0000002C
CHS0                              00000002
CHS1                              00000003
MPASM 5.81                      TRABAJO3.ASM   10-4-2025  15:54:27         PAGE  7


SYMBOL TABLE
  LABEL                             VALUE 

CHS2                              00000004
CHS3                              00000005
CKE                               00000006
CKP                               00000004
CM1CON0                           00000107
CM2CON0                           00000108
CM2CON1                           00000109
CONT                              00000025
CREN                              00000004
CSRC                              00000007
D                                 00000005
DATA_ADDRESS                      00000005
DC                                00000001
DC1B0                             00000004
DC1B1                             00000005
DC2B0                             00000004
DC2B1                             00000005
DECS                              00000027
DELAY1_150ms                      00000020
DELAY1_2ms                        00000023
DELAY2_150ms                      00000021
DELAY2_2ms                        00000024
DELAY3_150ms                      00000022
DELAY_150ms                       00000068
DELAY_2ms                         0000005E
D_A                               00000005
D_NOT_A                           00000005
ECCPAS                            0000009C
ECCPAS0                           00000004
ECCPAS1                           00000005
ECCPAS2                           00000006
ECCPASE                           00000007
EEADR                             0000010D
EEADRH                            0000010F
EECON1                            0000018C
EECON2                            0000018D
EEDAT                             0000010C
EEDATA                            0000010C
EEDATH                            0000010E
EEIE                              00000004
EEIF                              00000004
EEPGD                             00000007
F                                 00000001
FERR                              00000002
FSR                               00000004
FVREN                             00000000
GCEN                              00000007
GIE                               00000007
GO                                00000001
GO_DONE                           00000001
GO_NOT_DONE                       00000001
HTS                               00000002
I2C_DATA                          00000005
MPASM 5.81                      TRABAJO3.ASM   10-4-2025  15:54:27         PAGE  8


SYMBOL TABLE
  LABEL                             VALUE 

I2C_READ                          00000002
I2C_START                         00000003
I2C_STOP                          00000004
INDF                              00000000
INICIO                            00000005
INTCON                            0000000B
INTE                              00000004
INTEDG                            00000006
INTF                              00000001
IOCB                              00000096
IOCB0                             00000000
IOCB1                             00000001
IOCB2                             00000002
IOCB3                             00000003
IOCB4                             00000004
IOCB5                             00000005
IOCB6                             00000006
IOCB7                             00000007
IRCF0                             00000004
IRCF1                             00000005
IRCF2                             00000006
IRP                               00000007
LOOP1_150ms                       0000006A
LOOP1_2ms                         00000060
LOOP2_150ms                       0000006C
LOOP2_2ms                         00000062
LOOP3_150ms                       0000006E
LOOP_DECS                         00000018
LOOP_MUESTREO                     0000001E
LOOP_PARPADEO                     0000002F
LOOP_UNI                          0000001D
LTS                               00000001
MC1OUT                            00000007
MC2OUT                            00000006
MSK                               00000093
MSK0                              00000000
MSK1                              00000001
MSK2                              00000002
MSK3                              00000003
MSK4                              00000004
MSK5                              00000005
MSK6                              00000006
MSK7                              00000007
MUESTREO                          00000043
NOT_A                             00000005
NOT_ADDRESS                       00000005
NOT_BO                            00000000
NOT_BOR                           00000000
NOT_DONE                          00000001
NOT_PD                            00000003
NOT_POR                           00000001
NOT_RBPU                          00000007
NOT_RC8                           00000006
MPASM 5.81                      TRABAJO3.ASM   10-4-2025  15:54:27         PAGE  9


SYMBOL TABLE
  LABEL                             VALUE 

NOT_T1SYNC                        00000002
NOT_TO                            00000004
NOT_TX8                           00000006
NOT_W                             00000002
NOT_WRITE                         00000002
OERR                              00000001
OPTION_REG                        00000081
OSCCON                            0000008F
OSCTUNE                           00000090
OSFIE                             00000007
OSFIF                             00000007
OSTS                              00000003
P                                 00000004
P1M0                              00000006
P1M1                              00000007
PCL                               00000002
PCLATH                            0000000A
PCON                              0000008E
PDC0                              00000000
PDC1                              00000001
PDC2                              00000002
PDC3                              00000003
PDC4                              00000004
PDC5                              00000005
PDC6                              00000006
PEIE                              00000006
PEN                               00000002
PIE1                              0000008C
PIE2                              0000008D
PIR1                              0000000C
PIR2                              0000000D
PORTA                             00000005
PORTB                             00000006
PORTC                             00000007
PORTD                             00000008
PORTE                             00000009
PR2                               00000092
PRSEN                             00000007
PS0                               00000000
PS1                               00000001
PS2                               00000002
PSA                               00000003
PSSAC0                            00000002
PSSAC1                            00000003
PSSBD0                            00000000
PSSBD1                            00000001
PSTRCON                           0000009D
PULSR                             00000002
PULSS                             00000003
PWM1CON                           0000009B
R                                 00000002
RA0                               00000000
RA1                               00000001
MPASM 5.81                      TRABAJO3.ASM   10-4-2025  15:54:27         PAGE 10


SYMBOL TABLE
  LABEL                             VALUE 

RA2                               00000002
RA3                               00000003
RA4                               00000004
RA5                               00000005
RA6                               00000006
RA7                               00000007
RB0                               00000000
RB1                               00000001
RB2                               00000002
RB3                               00000003
RB4                               00000004
RB5                               00000005
RB6                               00000006
RB7                               00000007
RBIE                              00000003
RBIF                              00000000
RC0                               00000000
RC1                               00000001
RC2                               00000002
RC3                               00000003
RC4                               00000004
RC5                               00000005
RC6                               00000006
RC7                               00000007
RC8_9                             00000006
RC9                               00000006
RCD8                              00000000
RCEN                              00000003
RCIDL                             00000006
RCIE                              00000005
RCIF                              00000005
RCREG                             0000001A
RCSTA                             00000018
RD                                00000000
RD0                               00000000
RD1                               00000001
RD2                               00000002
RD3                               00000003
RD4                               00000004
RD5                               00000005
RD6                               00000006
RD7                               00000007
RE0                               00000000
RE1                               00000001
RE2                               00000002
RE3                               00000003
READ_WRITE                        00000002
RP0                               00000005
RP1                               00000006
RSEN                              00000001
RX9                               00000006
RX9D                              00000000
R_NOT_W                           00000002
MPASM 5.81                      TRABAJO3.ASM   10-4-2025  15:54:27         PAGE 11


SYMBOL TABLE
  LABEL                             VALUE 

R_W                               00000002
S                                 00000003
SBOREN                            00000004
SCKP                              00000004
SCS                               00000000
SEN                               00000000
SENDB                             00000003
SMP                               00000007
SPBRG                             00000099
SPBRGH                            0000009A
SPEN                              00000007
SR0                               00000006
SR1                               00000007
SRCON                             00000185
SREN                              00000005
SSPADD                            00000093
SSPBUF                            00000013
SSPCON                            00000014
SSPCON2                           00000091
SSPEN                             00000005
SSPIE                             00000003
SSPIF                             00000003
SSPM0                             00000000
SSPM1                             00000001
SSPM2                             00000002
SSPM3                             00000003
SSPMSK                            00000093
SSPOV                             00000006
SSPSTAT                           00000094
STATUS                            00000003
STRA                              00000000
STRB                              00000001
STRC                              00000002
STRD                              00000003
STRSYNC                           00000004
SWDTEN                            00000000
SYNC                              00000004
T0CS                              00000005
T0IE                              00000005
T0IF                              00000002
T0SE                              00000004
T1CKPS0                           00000004
T1CKPS1                           00000005
T1CON                             00000010
T1GINV                            00000007
T1GIV                             00000007
T1GSS                             00000001
T1INSYNC                          00000002
T1OSCEN                           00000003
T1SYNC                            00000002
T2CKPS0                           00000000
T2CKPS1                           00000001
T2CON                             00000012
MPASM 5.81                      TRABAJO3.ASM   10-4-2025  15:54:27         PAGE 12


SYMBOL TABLE
  LABEL                             VALUE 

TABLA_DECO                        00000038
TEST_100                          00000059
TMR0                              00000001
TMR0IE                            00000005
TMR0IF                            00000002
TMR1                              0000000E
TMR1CS                            00000001
TMR1GE                            00000006
TMR1H                             0000000F
TMR1IE                            00000000
TMR1IF                            00000000
TMR1L                             0000000E
TMR1ON                            00000000
TMR2                              00000011
TMR2IE                            00000001
TMR2IF                            00000001
TMR2ON                            00000002
TOUTPS0                           00000003
TOUTPS1                           00000004
TOUTPS2                           00000005
TOUTPS3                           00000006
TRISA                             00000085
TRISA0                            00000000
TRISA1                            00000001
TRISA2                            00000002
TRISA3                            00000003
TRISA4                            00000004
TRISA5                            00000005
TRISA6                            00000006
TRISA7                            00000007
TRISB                             00000086
TRISB0                            00000000
TRISB1                            00000001
TRISB2                            00000002
TRISB3                            00000003
TRISB4                            00000004
TRISB5                            00000005
TRISB6                            00000006
TRISB7                            00000007
TRISC                             00000087
TRISC0                            00000000
TRISC1                            00000001
TRISC2                            00000002
TRISC3                            00000003
TRISC4                            00000004
TRISC5                            00000005
TRISC6                            00000006
TRISC7                            00000007
TRISD                             00000088
TRISD0                            00000000
TRISD1                            00000001
TRISD2                            00000002
TRISD3                            00000003
MPASM 5.81                      TRABAJO3.ASM   10-4-2025  15:54:27         PAGE 13


SYMBOL TABLE
  LABEL                             VALUE 

TRISD4                            00000004
TRISD5                            00000005
TRISD6                            00000006
TRISD7                            00000007
TRISE                             00000089
TRISE0                            00000000
TRISE1                            00000001
TRISE2                            00000002
TRISE3                            00000003
TRMT                              00000001
TUN0                              00000000
TUN1                              00000001
TUN2                              00000002
TUN3                              00000003
TUN4                              00000004
TX8_9                             00000006
TX9                               00000006
TX9D                              00000000
TXD8                              00000000
TXEN                              00000005
TXIE                              00000004
TXIF                              00000004
TXREG                             00000019
TXSTA                             00000098
UA                                00000001
ULPWUE                            00000005
ULPWUIE                           00000002
ULPWUIF                           00000002
UNI                               00000026
VCFG0                             00000004
VCFG1                             00000005
VR0                               00000000
VR1                               00000001
VR2                               00000002
VR3                               00000003
VRCON                             00000097
VREN                              00000007
VROE                              00000006
VRR                               00000005
VRSS                              00000004
W                                 00000000
WCOL                              00000007
WDTCON                            00000105
WDTPS0                            00000001
WDTPS1                            00000002
WDTPS2                            00000003
WDTPS3                            00000004
WPUB                              00000095
WPUB0                             00000000
WPUB1                             00000001
WPUB2                             00000002
WPUB3                             00000003
WPUB4                             00000004
MPASM 5.81                      TRABAJO3.ASM   10-4-2025  15:54:27         PAGE 14


SYMBOL TABLE
  LABEL                             VALUE 

WPUB5                             00000005
WPUB6                             00000006
WPUB7                             00000007
WR                                00000001
WREN                              00000002
WRERR                             00000003
WUE                               00000001
Z                                 00000002
_BOR21V                           00003EFF
_BOR40V                           00003FFF
_BOR4V_BOR21V                     00003EFF
_BOR4V_BOR40V                     00003FFF
_BOREN_NSLEEP                     00003EFF
_BOREN_OFF                        00003CFF
_BOREN_ON                         00003FFF
_BOREN_SBODEN                     00003DFF
_BOR_NSLEEP                       00003EFF
_BOR_OFF                          00003CFF
_BOR_ON                           00003FFF
_BOR_SBODEN                       00003DFF
_CONFIG1                          00002007
_CONFIG2                          00002008
_CPD_OFF                          00003FFF
_CPD_ON                           00003F7F
_CP_OFF                           00003FFF
_CP_ON                            00003FBF
_DEBUG_OFF                        00003FFF
_DEBUG_ON                         00001FFF
_DEVID1                           00002006
_EC_OSC                           00003FFB
_EXTRC                            00003FFF
_EXTRCIO                          00003FFE
_EXTRC_OSC_CLKOUT                 00003FFF
_EXTRC_OSC_NOCLKOUT               00003FFE
_FCMEN_OFF                        000037FF
_FCMEN_ON                         00003FFF
_FOSC_EC                          00003FFB
_FOSC_EXTRC_CLKOUT                00003FFF
_FOSC_EXTRC_NOCLKOUT              00003FFE
_FOSC_HS                          00003FFA
_FOSC_INTRC_CLKOUT                00003FFD
_FOSC_INTRC_NOCLKOUT              00003FFC
_FOSC_LP                          00003FF8
_FOSC_XT                          00003FF9
_HS_OSC                           00003FFA
_IDLOC0                           00002000
_IDLOC1                           00002001
_IDLOC2                           00002002
_IDLOC3                           00002003
_IESO_OFF                         00003BFF
_IESO_ON                          00003FFF
_INTOSC                           00003FFD
_INTOSCIO                         00003FFC
MPASM 5.81                      TRABAJO3.ASM   10-4-2025  15:54:27         PAGE 15


SYMBOL TABLE
  LABEL                             VALUE 

_INTRC_OSC_CLKOUT                 00003FFD
_INTRC_OSC_NOCLKOUT               00003FFC
_LP_OSC                           00003FF8
_LVP_OFF                          00002FFF
_LVP_ON                           00003FFF
_MCLRE_OFF                        00003FDF
_MCLRE_ON                         00003FFF
_PWRTE_OFF                        00003FFF
_PWRTE_ON                         00003FEF
_WDTE_OFF                         00003FF7
_WDTE_ON                          00003FFF
_WDT_OFF                          00003FF7
_WDT_ON                           00003FFF
_WRT_1FOURTH                      00003BFF
_WRT_256                          00003DFF
_WRT_HALF                         000039FF
_WRT_OFF                          00003FFF
_XT_OSC                           00003FF9
__16F887                          00000001

Errors   :     0
Warnings :     8 reported,     0 suppressed
Messages :     8 reported,     0 suppressed

