MPASM 5.81            TRABAJO5INTEGRADOR.ASM   11-16-2025  23:19:31         PAGE  1


LOC  OBJECT CODE     LINE SOURCE TEXT
  VALUE

                      00001 ;*** Directivas de Inclusión ***    
Warning[205]: Found directive in column 1. (LIST)
                      00002 LIST P=16F887                
                      00003 #include "p16f887.inc"
                      00001         LIST
                      00002 
                      00003 ;==========================================================================
                      00004 ; Build date : Jul 23 2018
                      00005 ;  MPASM PIC16F887 processor include
                      00006 ; 
                      00007 ;  (c) Copyright 1999-2018 Microchip Technology, All rights reserved
                      00008 ;==========================================================================
                      00009 
                      00810         LIST
                      00004 
                      00005 ;**** Configuración General ****    
Warning[205]: Found directive in column 1. (__CONFIG)
2007   2FF1           00006 __CONFIG _CONFIG1, _XT_OSC & _WDTE_OFF & _MCLRE_ON & _LVP_OFF    
                      00007     
                      00008 ;**** Definición de Variables ****
Warning[205]: Found directive in column 1. (CBLOCK)
                      00009 CBLOCK 0x20
  00000020            00010     W_TEMP         
  00000021            00011     STATUS_TEMP     
  00000022            00012     DELAY1_2ms
  00000023            00013     DELAY2_2ms
  00000024            00014     DELAY1_20ms
  00000025            00015     DELAY2_20ms
  00000026            00016     UNI
  00000027            00017     DECS
  00000028            00018     CEN
  00000029            00019     ISR_TECL
  0000002A            00020     NTECL
  0000002B            00021     MAX_dB
  0000002C            00022     TEMP1
Warning[205]: Found directive in column 1. (ENDC)
                      00023 ENDC  
                      00024 
                      00025 ;*** Vectores de Reset e Interrupción ***
Warning[205]: Found directive in column 1. (ORG)
                      00026 ORG 0x00
Warning[203]: Found opcode in column 1. (GOTO)
0000   2???           00027 GOTO INICIO
Warning[205]: Found directive in column 1. (ORG)
                      00028 ORG 0x04
Warning[203]: Found opcode in column 1. (GOTO)
0004   2???           00029 GOTO ISR_INICIO   
                      00030 
                      00031     
                      00032 ;==============================================================
                      00033 ; DEFINICION DE MACROS
                      00034 ;==============================================================
                      00035 INI_PORTB MACRO
MPASM 5.81            TRABAJO5INTEGRADOR.ASM   11-16-2025  23:19:31         PAGE  2


LOC  OBJECT CODE     LINE SOURCE TEXT
  VALUE

                      00036   BANKSEL ANSELH
                      00037   CLRF    ANSELH                 ; PORTB digital
                      00038   BANKSEL TRISB
                      00039   MOVLW b'11110000'         ; RB7-RB4 = entradas (columnas), RB3-RB0 = salidas (filas)
                      00040   MOVWF TRISB
Warning[205]: Found directive in column 1. (ENDM)
                      00041 ENDM
                      00042   
                      00043 INI_PORTE MACRO
                      00044    BANKSEL ANSEL
                      00045    BCF      ANSEL,5
                      00046    BCF      ANSEL,6
                      00047    BCF      ANSEL,7 ;PORTE digital
                      00048    BANKSEL  TRISE
                      00049    BCF      TRISE,0
                      00050    BCF      TRISE,1
                      00051    BCF      TRISE,2 ;PORTE salidas
Warning[205]: Found directive in column 1. (ENDM)
                      00052 ENDM
                      00053    
                      00054 INI_PORTD MACRO
                      00055    BANKSEL  TRISD
                      00056    CLRF     TRISD ;PORTD salida, no tiene ANSEL, solo digital
Warning[205]: Found directive in column 1. (ENDM)
                      00057 ENDM
                      00058    
                      00059 INI_PORTC MACRO
                      00060     BANKSEL TRISC
                      00061     BCF     TRISC,0
                      00062     BCF     TRISC,1
                      00063     BCF     TRISC,2
                      00064     BCF     TRISC,3
Warning[205]: Found directive in column 1. (ENDM)
                      00065 ENDM
                      00066     
                      00067 INI_PORTA MACRO
                      00068     BANKSEL ANSEL
                      00069     BCF     ANSEL,2
                      00070     BCF     ANSEL,4
                      00071     BANKSEL TRISA
                      00072     BCF     TRISA,2
                      00073     BCF     TRISA,4
                      00074     BCF     TRISA,5
Warning[205]: Found directive in column 1. (ENDM)
                      00075 ENDM
                      00076     
                      00077 INI_TECL MACRO
                      00078    BANKSEL OPTION_REG
                      00079    BCF OPTION_REG,7           ; Habilita pull-ups en PORTB (RBPU=0)
                      00080    BANKSEL IOCB
                      00081    MOVLW b'11110000'          ; Habilita cambio en RB7?RB4
                      00082    MOVWF IOCB
Warning[205]: Found directive in column 1. (ENDM)
MPASM 5.81            TRABAJO5INTEGRADOR.ASM   11-16-2025  23:19:31         PAGE  3


LOC  OBJECT CODE     LINE SOURCE TEXT
  VALUE

                      00083 ENDM
                      00084    
                      00085 INI_PUERTOS MACRO
                      00086    BANKSEL PORTB
                      00087    CLRF PORTA
                      00088    CLRF PORTC
                      00089    CLRF PORTE
                      00090    CLRF PORTB
                      00091    CLRF PORTD
                      00092    CLRF NTECL
                      00093    CLRF UNI
                      00094    CLRF DECS
                      00095    CLRF CEN
                      00096    MOVLW    .200
                      00097    MOVWF    MAX_dB
Warning[205]: Found directive in column 1. (ENDM)
                      00098 ENDM
                      00099 
                      00100 INI_INTER  MACRO
                      00101    BANKSEL INTCON
                      00102    BCF INTCON, RBIF      ; Limpia bandera anterior
                      00103    MOVF PORTB, W         ; Lectura obligatoria para armar el latch
                      00104    BSF INTCON, RBIE       ; Habilita interrupción en cambio de RB
                      00105    BSF INTCON, GIE        ; Habilita interrupciones globales
Warning[205]: Found directive in column 1. (ENDM)
                      00106 ENDM
                      00107 
                      00108 INI_ADC MACRO
                      00109     ; HABILITAR AN0 COMO ANALOGICO
                      00110     BANKSEL ANSEL
                      00111     BSF     ANSEL,0            ; RA0 analógico
                      00112 
                      00113     ; RA0 como entrada
                      00114     BANKSEL TRISA
                      00115     BSF     TRISA,0
                      00116 
                      00117     ; ADCON1 CONFIGURA REFERENCIAS (16F887 NO TIENE ADFM)
                      00118     BANKSEL ADCON1
                      00119     MOVLW   b'00000000'        ; Vref = Vdd/Vss
                      00120 
                      00121     ; ADCON0 CONFIGURA CANAL Y CLOCK
                      00122     BANKSEL ADCON0
                      00123     MOVLW   b'10000001'        ; ADCS=10 (Fosc/32), CHS=000 (AN0), ADON=1
                      00124     MOVWF   ADCON0
Warning[205]: Found directive in column 1. (ENDM)
                      00125 ENDM
                      00126 ;==============================================================
                      00127 ; PROGRAMA PRINCIPAL
                      00128 ;==============================================================
0005                  00129 INICIO   
Warning[206]: Found call to macro in column 1. (INI_PORTE)
                      00130 INI_PORTE
0005   1683 1703          M    BANKSEL ANSEL
MPASM 5.81            TRABAJO5INTEGRADOR.ASM   11-16-2025  23:19:31         PAGE  4


LOC  OBJECT CODE     LINE SOURCE TEXT
  VALUE

Message[302]: Register in operand not in bank 0.  Ensure that bank bits are correct.
0007   1288               M    BCF      ANSEL,5
Message[302]: Register in operand not in bank 0.  Ensure that bank bits are correct.
0008   1308               M    BCF      ANSEL,6
Message[302]: Register in operand not in bank 0.  Ensure that bank bits are correct.
0009   1388               M    BCF      ANSEL,7 ;PORTE digital
000A   1683 1303          M    BANKSEL  TRISE
Message[302]: Register in operand not in bank 0.  Ensure that bank bits are correct.
000C   1009               M    BCF      TRISE,0
Message[302]: Register in operand not in bank 0.  Ensure that bank bits are correct.
000D   1089               M    BCF      TRISE,1
Message[302]: Register in operand not in bank 0.  Ensure that bank bits are correct.
000E   1109               M    BCF      TRISE,2 ;PORTE salidas
Warning[206]: Found call to macro in column 1. (INI_PORTB)
                      00131 INI_PORTB
000F   1683 1703          M   BANKSEL ANSELH
Message[302]: Register in operand not in bank 0.  Ensure that bank bits are correct.
0011   0189               M   CLRF    ANSELH                 ; PORTB digital
0012   1683 1303          M   BANKSEL TRISB
0014   30F0               M   MOVLW b'11110000'         ; RB7-RB4 = entradas (columnas), RB3-RB0 = salidas (filas)
Message[302]: Register in operand not in bank 0.  Ensure that bank bits are correct.
0015   0086               M   MOVWF TRISB
Warning[206]: Found call to macro in column 1. (INI_PORTA)
                      00132 INI_PORTA
0016   1683 1703          M     BANKSEL ANSEL
Message[302]: Register in operand not in bank 0.  Ensure that bank bits are correct.
0018   1108               M     BCF     ANSEL,2
Message[302]: Register in operand not in bank 0.  Ensure that bank bits are correct.
0019   1208               M     BCF     ANSEL,4
001A   1683 1303          M     BANKSEL TRISA
Message[302]: Register in operand not in bank 0.  Ensure that bank bits are correct.
001C   1105               M     BCF     TRISA,2
Message[302]: Register in operand not in bank 0.  Ensure that bank bits are correct.
001D   1205               M     BCF     TRISA,4
Message[302]: Register in operand not in bank 0.  Ensure that bank bits are correct.
001E   1285               M     BCF     TRISA,5
Warning[206]: Found call to macro in column 1. (INI_PORTC)
                      00133 INI_PORTC
001F   1683 1303          M     BANKSEL TRISC
Message[302]: Register in operand not in bank 0.  Ensure that bank bits are correct.
0021   1007               M     BCF     TRISC,0
Message[302]: Register in operand not in bank 0.  Ensure that bank bits are correct.
0022   1087               M     BCF     TRISC,1
Message[302]: Register in operand not in bank 0.  Ensure that bank bits are correct.
0023   1107               M     BCF     TRISC,2
Message[302]: Register in operand not in bank 0.  Ensure that bank bits are correct.
0024   1187               M     BCF     TRISC,3
Warning[206]: Found call to macro in column 1. (INI_PORTD)
                      00134 INI_PORTD
0025   1683 1303          M    BANKSEL  TRISD
Message[302]: Register in operand not in bank 0.  Ensure that bank bits are correct.
0027   0188               M    CLRF     TRISD ;PORTD salida, no tiene ANSEL, solo digital
Warning[206]: Found call to macro in column 1. (INI_TECL)
MPASM 5.81            TRABAJO5INTEGRADOR.ASM   11-16-2025  23:19:31         PAGE  5


LOC  OBJECT CODE     LINE SOURCE TEXT
  VALUE

                      00135 INI_TECL
0028   1683 1303          M    BANKSEL OPTION_REG
Message[302]: Register in operand not in bank 0.  Ensure that bank bits are correct.
002A   1381               M    BCF OPTION_REG,7           ; Habilita pull-ups en PORTB (RBPU=0)
002B   1683 1303          M    BANKSEL IOCB
002D   30F0               M    MOVLW b'11110000'          ; Habilita cambio en RB7?RB4
Message[302]: Register in operand not in bank 0.  Ensure that bank bits are correct.
002E   0096               M    MOVWF IOCB
Warning[206]: Found call to macro in column 1. (INI_PUERTOS)
                      00136 INI_PUERTOS
002F   1283 1303          M    BANKSEL PORTB
0031   0185               M    CLRF PORTA
0032   0187               M    CLRF PORTC
0033   0189               M    CLRF PORTE
0034   0186               M    CLRF PORTB
0035   0188               M    CLRF PORTD
0036   01AA               M    CLRF NTECL
0037   01A6               M    CLRF UNI
0038   01A7               M    CLRF DECS
0039   01A8               M    CLRF CEN
003A   30C8               M    MOVLW    .200
003B   00AB               M    MOVWF    MAX_dB
Warning[206]: Found call to macro in column 1. (INI_ADC)
                      00137 INI_ADC
                          M     ; HABILITAR AN0 COMO ANALOGICO
003C   1683 1703          M     BANKSEL ANSEL
Message[302]: Register in operand not in bank 0.  Ensure that bank bits are correct.
003E   1408               M     BSF     ANSEL,0            ; RA0 analógico
                          M 
                          M     ; RA0 como entrada
003F   1683 1303          M     BANKSEL TRISA
Message[302]: Register in operand not in bank 0.  Ensure that bank bits are correct.
0041   1405               M     BSF     TRISA,0
                          M 
                          M     ; ADCON1 CONFIGURA REFERENCIAS (16F887 NO TIENE ADFM)
0042   1683 1303          M     BANKSEL ADCON1
0044   3000               M     MOVLW   b'00000000'        ; Vref = Vdd/Vss
                          M 
                          M     ; ADCON0 CONFIGURA CANAL Y CLOCK
0045   1283 1303          M     BANKSEL ADCON0
0047   3081               M     MOVLW   b'10000001'        ; ADCS=10 (Fosc/32), CHS=000 (AN0), ADON=1
0048   009F               M     MOVWF   ADCON0
Warning[206]: Found call to macro in column 1. (INI_INTER)
                      00138 INI_INTER
0049   1283 1303          M    BANKSEL INTCON
004B   100B               M    BCF INTCON, RBIF      ; Limpia bandera anterior
004C   0806               M    MOVF PORTB, W         ; Lectura obligatoria para armar el latch
004D   158B               M    BSF INTCON, RBIE       ; Habilita interrupción en cambio de RB
004E   178B               M    BSF INTCON, GIE        ; Habilita interrupciones globales
004F                  00139 MAIN_LOOP
004F   2???           00140     CALL ADC_READ
0050   2???           00141     CALL ADC_TRANS
0051   2???           00142     CALL MAXdB_COMP          ; Actualiza displays o salida
MPASM 5.81            TRABAJO5INTEGRADOR.ASM   11-16-2025  23:19:31         PAGE  6


LOC  OBJECT CODE     LINE SOURCE TEXT
  VALUE

0052   0000           00143     NOP
0053   2???           00144     GOTO    MAIN_LOOP
                      00145 ;==============================================================
                      00146 ; RUTINA DE INTERRUPCIÓN
                      00147 ;==============================================================
0054                  00148 ISR_INICIO    
0054   00A0           00149     MOVWF   W_TEMP
0055   0803           00150     MOVF    STATUS,W
0056   00A1           00151     MOVWF   STATUS_TEMP
                      00152 
0057   1C0B           00153     BTFSS   INTCON,RBIF
0058   2???           00154     GOTO    ISR_FIN
                      00155     
                      00156     ; *** ANTIRREBOTE INICIAL ***
0059   2???           00157     CALL    DELAY_20ms
                      00158     
005A   01AA           00159     CLRF    NTECL              
005B   300E           00160     MOVLW   b'00001110'        ; Activa primera fila
005C   0086           00161     MOVWF   PORTB
005D   2???           00162     CALL    DELAY_20ms          ; *** DELAY PARA ESTABILIZAR ***
005E   2???           00163     GOTO    TEST_COL
                      00164 
                      00165 ;--------------------------------------------------------------
                      00166 ; Detecta columna activa
                      00167 ;--------------------------------------------------------------
005F                  00168 TEST_COL
005F   1E06           00169     BTFSS   PORTB,4            
0060   2???           00170     GOTO    TECL_DELAYC1
0061   0AAA           00171     INCF    NTECL,F            
                      00172     
0062   1E86           00173     BTFSS   PORTB,5            
0063   2???           00174     GOTO    TECL_DELAYC2
0064   0AAA           00175     INCF    NTECL,F            
                      00176     
0065   1F06           00177     BTFSS   PORTB,6            
0066   2???           00178     GOTO    TECL_DELAYC3
0067   0AAA           00179     INCF    NTECL,F            
                      00180     
0068   1F86           00181     BTFSS   PORTB,7            
0069   2???           00182     GOTO    TECL_DELAYC4
                      00183     
006A   0AAA           00184     INCF    NTECL,F            
006B   2???           00185     GOTO    TEST_FIL
                      00186 
                      00187 ;--------------------------------------------------------------
                      00188 ; Cambia fila activa para seguir buscando tecla
                      00189 ;--------------------------------------------------------------
006C                  00190 TEST_FIL
006C   1D86           00191     BTFSS   PORTB,RB3            
006D   2???           00192     GOTO    TECL_RES           
                      00193     
006E   1403           00194     BSF     STATUS,C
006F   0D86           00195     RLF     PORTB,F            
MPASM 5.81            TRABAJO5INTEGRADOR.ASM   11-16-2025  23:19:31         PAGE  7


LOC  OBJECT CODE     LINE SOURCE TEXT
  VALUE

0070   2???           00196     CALL    DELAY_20ms          ; *** DELAY DESPUÉS DE CAMBIAR FILA ***
0071   2???           00197     GOTO    TEST_COL
                      00198 
                      00199 ;--------------------------------------------------------------
                      00200 ; Detecta qué columna se activó y verifica tecla
                      00201 ;--------------------------------------------------------------
0072                  00202 TECL_DELAYC1
0072   2???           00203     CALL    DELAY_20ms
0073   2???           00204     CALL    DELAY_20ms
0074   1E06           00205     BTFSS   PORTB,4             
0075   2???           00206     GOTO    TECL_LOAD
0076   2???           00207     GOTO    TECL_RES
                      00208 
0077                  00209 TECL_DELAYC2
0077   2???           00210     CALL    DELAY_20ms
0078   2???           00211     CALL    DELAY_20ms
0079   1E86           00212     BTFSS   PORTB,5
007A   2???           00213     GOTO    TECL_LOAD
007B   2???           00214     GOTO    TECL_RES
                      00215 
007C                  00216 TECL_DELAYC3
007C   2???           00217     CALL    DELAY_20ms
007D   2???           00218     CALL    DELAY_20ms
007E   1F06           00219     BTFSS   PORTB,6
007F   2???           00220     GOTO    TECL_LOAD
0080   2???           00221     GOTO    TECL_RES
                      00222 
0081                  00223 TECL_DELAYC4
0081   2???           00224     CALL    DELAY_20ms
0082   2???           00225     CALL    DELAY_20ms
0083   1F86           00226     BTFSS   PORTB,7
0084   2???           00227     GOTO    TECL_LOAD
0085   2???           00228     GOTO    TECL_RES
                      00229 
                      00230 ;--------------------------------------------------------------
                      00231 ; Guarda valor según la tecla detectada (1 a 16)
                      00232 ;--------------------------------------------------------------
0086                  00233 TECL_LOAD
0086   082A           00234     MOVF    NTECL,W
0087   390F           00235     ANDLW   0x0F            ; Limita a 0-15
0088   00AC           00236     MOVWF   TEMP1           ; Guarda temporalmente
                      00237     
                      00238     ; Configurar PCLATH
0089   30??           00239     MOVLW   HIGH TABLA_MAXdB
008A   008A           00240     MOVWF   PCLATH
                      00241     
008B   082C           00242     MOVF    TEMP1,W
008C   2???           00243     CALL    TABLA_MAXdB
008D   00AB           00244     MOVWF   MAX_dB
                      00245     
                      00246     ; Restaurar PCLATH
008E   018A           00247     CLRF    PCLATH
008F   2???           00248     GOTO    TECL_RES
MPASM 5.81            TRABAJO5INTEGRADOR.ASM   11-16-2025  23:19:31         PAGE  8


LOC  OBJECT CODE     LINE SOURCE TEXT
  VALUE

                      00249 ;--------------------------------------------------------------
                      00250 ; Limpieza final de interrupción
                      00251 ;--------------------------------------------------------------
0090                  00252 TECL_RES
                      00253     ; *** ACTIVAR TODAS LAS FILAS PARA DETECTAR LIBERACIÓN ***
0090   300F           00254     MOVLW   b'00001111'         ; Activa todas las filas
0091   0086           00255     MOVWF   PORTB
0092   0000           00256     NOP 
0093   0000           00257     NOP
                      00258     
0094                  00259 WAIT_RELEASE
0094   30F0           00260     MOVLW   b'11110000'
0095   0506           00261     ANDWF   PORTB,W
0096   3CF0           00262     SUBLW   b'11110000'         
0097   1D03           00263     BTFSS   STATUS,Z
0098   2???           00264     GOTO    WAIT_RELEASE        
                      00265     
0099   01AA           00266     CLRF    NTECL        
009A   3000           00267     MOVLW   b'00000000'         ; Desactiva todas las filas
009B   0086           00268     MOVWF   PORTB
009C   0000           00269     NOP
009D   0000           00270     NOP
009E   0806           00271     MOVF    PORTB,W             ; Lectura para limpiar mismatch
009F   100B           00272     BCF     INTCON,RBIF
00A0   2???           00273     GOTO    ISR_FIN
                      00274 
                      00275 ;--------------------------------------------------------------
                      00276 ; Restaura registros y sale de interrupción
                      00277 ;--------------------------------------------------------------
00A1                  00278 ISR_FIN
00A1   0821           00279     MOVF    STATUS_TEMP,W
00A2   0083           00280     MOVWF   STATUS
00A3   0820           00281     MOVF    W_TEMP,W
00A4   0009           00282     RETFIE
                      00283 
                      00284 ;==============================================================
                      00285 ; RUTINA ADC (actualiza ADC)
                      00286 ;==============================================================
Warning[207]: Found label after column 1. (ADC_READ)
00A5                  00287   ADC_READ
                      00288     ; ESPERA DE ADQUISICION (TACQ >= 20us)
00A5   3032           00289     MOVLW   D'50'              ; 50 ciclos ~ 20us
00A6   00AC           00290     MOVWF   TEMP1
00A7                  00291 ACQ_LOOP
00A7   0BAC           00292     DECFSZ  TEMP1,F
00A8   2???           00293     GOTO    ACQ_LOOP
                      00294 
                      00295     ; COMENZAR CONVERSION
00A9   149F           00296     BSF     ADCON0,GO_DONE
                      00297 
00AA                  00298 WAIT_ADC
00AA   189F           00299     BTFSC   ADCON0,GO_DONE
00AB   2???           00300     GOTO    WAIT_ADC
MPASM 5.81            TRABAJO5INTEGRADOR.ASM   11-16-2025  23:19:31         PAGE  9


LOC  OBJECT CODE     LINE SOURCE TEXT
  VALUE

                      00301 
00AC   1283 1303      00302     BANKSEL ADRESH
00AE   081E           00303     MOVF    ADRESH,W           ; LECTURA (JUSTIF IZQ)
00AF   0008           00304     RETURN
                      00305 ;==============================================================
                      00306 ; RUTINA Transformacion a UNI,DEC y CEN 
                      00307 ;==============================================================
00B0                  00308 ADC_TRANS
00B0   1283 1303      00309     BANKSEL ADRESH
00B2   081E           00310     MOVF    ADRESH,W
00B3   00AC           00311     MOVWF   TEMP1       ; número 0?255
                      00312 
00B4   01A8           00313     CLRF    CEN
00B5   01A7           00314     CLRF    DECS
                      00315 
                      00316 ; -------- CENTENAS (100) ---------
00B6                  00317 CENT_LOOP
00B6   3064           00318     MOVLW   D'100'
00B7   02AC           00319     SUBWF   TEMP1,F
00B8   1C03           00320     BTFSS   STATUS,C    ; ¿fue negativa?
00B9   2???           00321     GOTO    FIX_CENT
00BA   0AA8           00322     INCF    CEN,F
00BB   2???           00323     GOTO    CENT_LOOP
                      00324 
00BC                  00325 FIX_CENT
00BC   3064           00326     MOVLW   D'100'
00BD   07AC           00327     ADDWF   TEMP1,F      ; restaurar TEMP1
                      00328     ; aquí NO se incrementa CEN
                      00329     ; sigue a decenas
                      00330 
                      00331 ; -------- DECENAS (10) ---------
00BE                  00332 DEC_LOOP
00BE   300A           00333     MOVLW   D'10'
00BF   02AC           00334     SUBWF   TEMP1,F
00C0   1C03           00335     BTFSS   STATUS,C
00C1   2???           00336     GOTO    FIX_DEC
00C2   0AA7           00337     INCF    DECS,F
00C3   2???           00338     GOTO    DEC_LOOP
                      00339 
00C4                  00340 FIX_DEC
00C4   300A           00341     MOVLW   D'10'
00C5   07AC           00342     ADDWF   TEMP1,F      ; restaurar TEMP1
                      00343 
                      00344 ; -------- UNIDADES --------
00C6   082C           00345     MOVF    TEMP1,W      ; el resto final
00C7   00A6           00346     MOVWF   UNI
00C8   0008           00347     RETURN
                      00348 ;==============================================================
                      00349 ; RUTINA COMPARACION ADC - BARGRAPH
                      00350 ;==============================================================
00C9                  00351 MAXdB_COMP
                      00352     ; limpiar LEDs
00C9   1283 1303      00353     BANKSEL PORTA
MPASM 5.81            TRABAJO5INTEGRADOR.ASM   11-16-2025  23:19:31         PAGE 10


LOC  OBJECT CODE     LINE SOURCE TEXT
  VALUE

00CB   1205           00354     BCF PORTA,4     ; LED max
00CC   1105           00355     BCF PORTA,2     ; LED min
00CD   1283 1303      00356     BANKSEL PORTC
00CF   1007           00357     BCF PORTC,0
00D0   1087           00358     BCF PORTC,1
00D1   1107           00359     BCF PORTC,2
00D2   1187           00360     BCF PORTC,3
00D3   1003           00361     BCF STATUS,C
                      00362 
                      00363     ; copiar MAX_dB
00D4   082B           00364     MOVF MAX_dB,W
00D5   00AC           00365     MOVWF TEMP1
                      00366 
                      00367 
                      00368 ;-------------------------------
                      00369 ; LED MAX (A4)
00D6   081E           00370     MOVF ADRESH,W
00D7   022C           00371     SUBWF TEMP1,W
00D8   1C03           00372     BTFSS STATUS,C
00D9   1605           00373     BSF PORTA,4
00DA   1003           00374     BCF STATUS,C
                      00375 
                      00376 
                      00377 ;-------------------------------
                      00378 ; LED C0 (C0)
00DB   3014           00379     MOVLW .20
00DC   02AC           00380     SUBWF TEMP1,F
00DD   081E           00381     MOVF ADRESH,W
00DE   022C           00382     SUBWF TEMP1,W
00DF   1C03           00383     BTFSS STATUS,C
00E0   1407           00384     BSF PORTC,0
00E1   1003           00385     BCF STATUS,C
                      00386 
                      00387 
                      00388 ;-------------------------------
                      00389 ; LED C1 (C1)
00E2   3014           00390     MOVLW .20
00E3   02AC           00391     SUBWF TEMP1,F
00E4   081E           00392     MOVF ADRESH,W
00E5   022C           00393     SUBWF TEMP1,W
00E6   1C03           00394     BTFSS STATUS,C
00E7   1487           00395     BSF PORTC,1
00E8   1003           00396     BCF STATUS,C
                      00397 
                      00398 
                      00399 ;-------------------------------
                      00400 ; LED C2 (C2)
00E9   3014           00401     MOVLW .20
00EA   02AC           00402     SUBWF TEMP1,F
00EB   081E           00403     MOVF ADRESH,W
00EC   022C           00404     SUBWF TEMP1,W
00ED   1C03           00405     BTFSS STATUS,C
00EE   1507           00406     BSF PORTC,2
MPASM 5.81            TRABAJO5INTEGRADOR.ASM   11-16-2025  23:19:31         PAGE 11


LOC  OBJECT CODE     LINE SOURCE TEXT
  VALUE

00EF   1003           00407     BCF STATUS,C
                      00408 
                      00409 
                      00410 ;-------------------------------
                      00411 ; LED C3 (C3)
00F0   3014           00412     MOVLW .20
00F1   02AC           00413     SUBWF TEMP1,F
00F2   081E           00414     MOVF ADRESH,W
00F3   022C           00415     SUBWF TEMP1,W
00F4   1C03           00416     BTFSS STATUS,C
00F5   1587           00417     BSF PORTC,3
00F6   1003           00418     BCF STATUS,C
                      00419 
                      00420 ;-------------------------------
                      00421 ; LED MIN (A2)
00F7   3014           00422     MOVLW .20
00F8   02AC           00423     SUBWF TEMP1,F
00F9   081E           00424     MOVF ADRESH,W
00FA   022C           00425     SUBWF TEMP1,W
00FB   1C03           00426     BTFSS STATUS,C
00FC   1505           00427     BSF PORTA,2
00FD   1003           00428     BCF STATUS,C
                      00429     
00FE   0008           00430     RETURN
                      00431 
                      00432 ;==============================================================
                      00433 ; RUTINA MUESTREO (actualiza displays o salidas)
                      00434 ;==============================================================
00FF                  00435 MUESTREO
00FF   1283 1303      00436     BANKSEL PORTE
0101   1409           00437     BSF     PORTE,0
0102   1089           00438     BCF     PORTE,1
0103   1109           00439     BCF     PORTE,2
0104   1285           00440     BCF     PORTA,5
0105   0826           00441     MOVF    UNI,W
0106   0088           00442     MOVWF   PORTD
0107   2???           00443     CALL    DELAY_2ms
                      00444 
0108   1009           00445     BCF     PORTE,0
0109   1489           00446     BSF     PORTE,1
010A   1109           00447     BCF     PORTE,2
010B   1285           00448     BCF     PORTA,5
010C   0827           00449     MOVF    DECS,W
010D   0088           00450     MOVWF   PORTD
010E   2???           00451     CALL    DELAY_2ms
                      00452 
010F   1009           00453     BCF     PORTE,0
0110   1089           00454     BCF     PORTE,1
0111   1109           00455     BCF     PORTE,2
0112   1685           00456     BSF     PORTA,5
0113   0828           00457     MOVF    CEN,W
0114   0088           00458     MOVWF   PORTD
0115   2???           00459     CALL    DELAY_2ms
MPASM 5.81            TRABAJO5INTEGRADOR.ASM   11-16-2025  23:19:31         PAGE 12


LOC  OBJECT CODE     LINE SOURCE TEXT
  VALUE

                      00460     
0116   1009           00461     BCF     PORTE,0
0117   1089           00462     BCF     PORTE,1
0118   1509           00463     BSF     PORTE,2
0119   1285           00464     BCF     PORTA,5
011A   30DE           00465     MOVLW   b'11011110'
011B   0088           00466     MOVWF   PORTD
011C   2???           00467     CALL    DELAY_2ms
                      00468     
Warning[203]: Found opcode in column 1. (RETURN)
011D   0008           00469 RETURN
                      00470 
                      00471 ;==============================================================
                      00472 ; TABLA DE CONVERSIÓN PARA MAX_dB
                      00473 ;==============================================================
011E                  00474 TABLA_MAXdB
                      00475     ; ? Asegura que no cruces páginas
011E   30??           00476     MOVLW   HIGH TABLA_MAXdB
011F   008A           00477     MOVWF   PCLATH
0120   082C           00478     MOVF    TEMP1,W
0121   0782           00479     ADDWF PCL,F
0122   3478           00480     RETLW .120  ; 0
0123   3480           00481     RETLW .128  ; 1
0124   3488           00482     RETLW .136  ; 2
0125   3490           00483     RETLW .144  ; 3
0126   3498           00484     RETLW .152  ; 4
0127   34A0           00485     RETLW .160  ; 5
0128   34A8           00486     RETLW .168  ; 6
0129   34B0           00487     RETLW .176  ; 7
012A   34C0           00488     RETLW .192  ; 8
012B   34C8           00489     RETLW .200  ; 9
012C   34D0           00490     RETLW .208  ; A
012D   34D8           00491     RETLW .216  ; B
012E   34E0           00492     RETLW .224  ; C
012F   34E8           00493     RETLW .232  ; D
0130   34F0           00494     RETLW .240  ; E
0131   34FA           00495     RETLW .250  ; F
                      00496     
                      00497 ;==============================================================
                      00498 ; TABLA DE CONVERSIÓN PARA DISPLAY 7 SEGMENTOS
                      00499 ;==============================================================
0132                  00500 TABLA_TECL
                      00501      ; ? Asegura que no cruces páginas
0132   30??           00502     MOVLW   HIGH TABLA_MAXdB
0133   008A           00503     MOVWF   PCLATH
0134   0782           00504     ADDWF PCL,F
0135   343F           00505     RETLW b'00111111'  ; 0
0136   3406           00506     RETLW b'00000110'  ; 1
0137   345B           00507     RETLW b'01011011'  ; 2
0138   344F           00508     RETLW b'01001111'  ; 3
0139   3466           00509     RETLW b'01100110'  ; 4
013A   346D           00510     RETLW b'01101101'  ; 5
013B   347D           00511     RETLW b'01111101'  ; 6
MPASM 5.81            TRABAJO5INTEGRADOR.ASM   11-16-2025  23:19:31         PAGE 13


LOC  OBJECT CODE     LINE SOURCE TEXT
  VALUE

013C   3407           00512     RETLW b'00000111'  ; 7
013D   347F           00513     RETLW b'01111111'  ; 8
013E   346F           00514     RETLW b'01101111'  ; 9
013F   0008           00515     RETURN
                      00516 ;==============================================================
                      00517 ; DELAYS
                      00518 ;==============================================================
0140                  00519 DELAY_2ms
0140   3050           00520     MOVLW   D'80'         
0141   00A2           00521     MOVWF   DELAY1_2ms
0142                  00522 LOOP1_2ms
0142   3008           00523     MOVLW   D'8'          
0143   00A3           00524     MOVWF   DELAY2_2ms
0144                  00525 LOOP2_2ms
0144   0000           00526     NOP
0145   0BA3           00527     DECFSZ  DELAY2_2ms, F
0146   2???           00528     GOTO    LOOP2_2ms
0147   0BA2           00529     DECFSZ  DELAY1_2ms, F
0148   2???           00530     GOTO    LOOP1_2ms
0149   0008           00531     RETURN
                      00532 
014A                  00533 DELAY_20ms
014A   3050           00534     MOVLW   D'80'          
014B   00A4           00535     MOVWF   DELAY1_20ms
014C                  00536 LOOP1_20ms
014C   3050           00537     MOVLW   D'80'          
014D   00A5           00538     MOVWF   DELAY2_20ms
014E                  00539 LOOP2_20ms
014E   0000           00540     NOP
014F   0BA5           00541     DECFSZ  DELAY2_20ms, F
0150   2???           00542     GOTO    LOOP2_20ms
0151   0BA4           00543     DECFSZ  DELAY1_20ms, F
0152   2???           00544     GOTO    LOOP1_20ms
0153   0008           00545     RETURN
Warning[205]: Found directive in column 1. (END)
2FF1                  00546 END
MPASM 5.81            TRABAJO5INTEGRADOR.ASM   11-16-2025  23:19:31         PAGE 14


SYMBOL TABLE
  LABEL                             VALUE 

ABDEN                             00000000
ABDOVF                            00000007
ACKDT                             00000005
ACKEN                             00000004
ACKSTAT                           00000006
ACQ_LOOP                          000000A7
ADCON0                            0000001F
ADCON1                            0000009F
ADCS0                             00000006
ADCS1                             00000007
ADC_READ                          000000A5
ADC_TRANS                         000000B0
ADDEN                             00000003
ADFM                              00000007
ADIE                              00000006
ADIF                              00000006
ADON                              00000000
ADRESH                            0000001E
ADRESL                            0000009E
ANS0                              00000000
ANS1                              00000001
ANS10                             00000002
ANS11                             00000003
ANS12                             00000004
ANS13                             00000005
ANS2                              00000002
ANS3                              00000003
ANS4                              00000004
ANS5                              00000005
ANS6                              00000006
ANS7                              00000007
ANS8                              00000000
ANS9                              00000001
ANSEL                             00000188
ANSELH                            00000189
BAUDCTL                           00000187
BCLIE                             00000003
BCLIF                             00000003
BF                                00000000
BRG0                              00000000
BRG1                              00000001
BRG10                             00000002
BRG11                             00000003
BRG12                             00000004
BRG13                             00000005
BRG14                             00000006
BRG15                             00000007
BRG16                             00000003
BRG2                              00000002
BRG3                              00000003
BRG4                              00000004
BRG5                              00000005
BRG6                              00000006
MPASM 5.81            TRABAJO5INTEGRADOR.ASM   11-16-2025  23:19:31         PAGE 15


SYMBOL TABLE
  LABEL                             VALUE 

BRG7                              00000007
BRG8                              00000000
BRG9                              00000001
BRGH                              00000002
C                                 00000000
C1CH0                             00000000
C1CH1                             00000001
C1IE                              00000005
C1IF                              00000005
C1OE                              00000005
C1ON                              00000007
C1OUT                             00000006
C1POL                             00000004
C1R                               00000002
C1RSEL                            00000005
C1SEN                             00000005
C2CH0                             00000000
C2CH1                             00000001
C2IE                              00000006
C2IF                              00000006
C2OE                              00000005
C2ON                              00000007
C2OUT                             00000006
C2POL                             00000004
C2R                               00000002
C2REN                             00000004
C2RSEL                            00000004
C2SYNC                            00000000
CCP1CON                           00000017
CCP1IE                            00000002
CCP1IF                            00000002
CCP1M0                            00000000
CCP1M1                            00000001
CCP1M2                            00000002
CCP1M3                            00000003
CCP1X                             00000005
CCP1Y                             00000004
CCP2CON                           0000001D
CCP2IE                            00000000
CCP2IF                            00000000
CCP2M0                            00000000
CCP2M1                            00000001
CCP2M2                            00000002
CCP2M3                            00000003
CCP2X                             00000005
CCP2Y                             00000004
CCPR1                             00000015
CCPR1H                            00000016
CCPR1L                            00000015
CCPR2                             0000001B
CCPR2H                            0000001C
CCPR2L                            0000001B
CEN                               00000028
MPASM 5.81            TRABAJO5INTEGRADOR.ASM   11-16-2025  23:19:31         PAGE 16


SYMBOL TABLE
  LABEL                             VALUE 

CENT_LOOP                         000000B6
CHS0                              00000002
CHS1                              00000003
CHS2                              00000004
CHS3                              00000005
CKE                               00000006
CKP                               00000004
CM1CON0                           00000107
CM2CON0                           00000108
CM2CON1                           00000109
CREN                              00000004
CSRC                              00000007
D                                 00000005
DATA_ADDRESS                      00000005
DC                                00000001
DC1B0                             00000004
DC1B1                             00000005
DC2B0                             00000004
DC2B1                             00000005
DECS                              00000027
DEC_LOOP                          000000BE
DELAY1_20ms                       00000024
DELAY1_2ms                        00000022
DELAY2_20ms                       00000025
DELAY2_2ms                        00000023
DELAY_20ms                        0000014A
DELAY_2ms                         00000140
D_A                               00000005
D_NOT_A                           00000005
ECCPAS                            0000009C
ECCPAS0                           00000004
ECCPAS1                           00000005
ECCPAS2                           00000006
ECCPASE                           00000007
EEADR                             0000010D
EEADRH                            0000010F
EECON1                            0000018C
EECON2                            0000018D
EEDAT                             0000010C
EEDATA                            0000010C
EEDATH                            0000010E
EEIE                              00000004
EEIF                              00000004
EEPGD                             00000007
F                                 00000001
FERR                              00000002
FIX_CENT                          000000BC
FIX_DEC                           000000C4
FSR                               00000004
FVREN                             00000000
GCEN                              00000007
GIE                               00000007
GO                                00000001
MPASM 5.81            TRABAJO5INTEGRADOR.ASM   11-16-2025  23:19:31         PAGE 17


SYMBOL TABLE
  LABEL                             VALUE 

GO_DONE                           00000001
GO_NOT_DONE                       00000001
HTS                               00000002
I2C_DATA                          00000005
I2C_READ                          00000002
I2C_START                         00000003
I2C_STOP                          00000004
INDF                              00000000
INICIO                            00000005
INI_ADC                           
INI_INTER                         
INI_PORTA                         
INI_PORTB                         
INI_PORTC                         
INI_PORTD                         
INI_PORTE                         
INI_PUERTOS                       
INI_TECL                          
INTCON                            0000000B
INTE                              00000004
INTEDG                            00000006
INTF                              00000001
IOCB                              00000096
IOCB0                             00000000
IOCB1                             00000001
IOCB2                             00000002
IOCB3                             00000003
IOCB4                             00000004
IOCB5                             00000005
IOCB6                             00000006
IOCB7                             00000007
IRCF0                             00000004
IRCF1                             00000005
IRCF2                             00000006
IRP                               00000007
ISR_FIN                           000000A1
ISR_INICIO                        00000054
ISR_TECL                          00000029
LOOP1_20ms                        0000014C
LOOP1_2ms                         00000142
LOOP2_20ms                        0000014E
LOOP2_2ms                         00000144
LTS                               00000001
MAIN_LOOP                         0000004F
MAX_dB                            0000002B
MAXdB_COMP                        000000C9
MC1OUT                            00000007
MC2OUT                            00000006
MSK                               00000093
MSK0                              00000000
MSK1                              00000001
MSK2                              00000002
MSK3                              00000003
MPASM 5.81            TRABAJO5INTEGRADOR.ASM   11-16-2025  23:19:31         PAGE 18


SYMBOL TABLE
  LABEL                             VALUE 

MSK4                              00000004
MSK5                              00000005
MSK6                              00000006
MSK7                              00000007
MUESTREO                          000000FF
NOT_A                             00000005
NOT_ADDRESS                       00000005
NOT_BO                            00000000
NOT_BOR                           00000000
NOT_DONE                          00000001
NOT_PD                            00000003
NOT_POR                           00000001
NOT_RBPU                          00000007
NOT_RC8                           00000006
NOT_T1SYNC                        00000002
NOT_TO                            00000004
NOT_TX8                           00000006
NOT_W                             00000002
NOT_WRITE                         00000002
NTECL                             0000002A
OERR                              00000001
OPTION_REG                        00000081
OSCCON                            0000008F
OSCTUNE                           00000090
OSFIE                             00000007
OSFIF                             00000007
OSTS                              00000003
P                                 00000004
P1M0                              00000006
P1M1                              00000007
PCL                               00000002
PCLATH                            0000000A
PCON                              0000008E
PDC0                              00000000
PDC1                              00000001
PDC2                              00000002
PDC3                              00000003
PDC4                              00000004
PDC5                              00000005
PDC6                              00000006
PEIE                              00000006
PEN                               00000002
PIE1                              0000008C
PIE2                              0000008D
PIR1                              0000000C
PIR2                              0000000D
PORTA                             00000005
PORTB                             00000006
PORTC                             00000007
PORTD                             00000008
PORTE                             00000009
PR2                               00000092
PRSEN                             00000007
MPASM 5.81            TRABAJO5INTEGRADOR.ASM   11-16-2025  23:19:31         PAGE 19


SYMBOL TABLE
  LABEL                             VALUE 

PS0                               00000000
PS1                               00000001
PS2                               00000002
PSA                               00000003
PSSAC0                            00000002
PSSAC1                            00000003
PSSBD0                            00000000
PSSBD1                            00000001
PSTRCON                           0000009D
PULSR                             00000002
PULSS                             00000003
PWM1CON                           0000009B
R                                 00000002
RA0                               00000000
RA1                               00000001
RA2                               00000002
RA3                               00000003
RA4                               00000004
RA5                               00000005
RA6                               00000006
RA7                               00000007
RB0                               00000000
RB1                               00000001
RB2                               00000002
RB3                               00000003
RB4                               00000004
RB5                               00000005
RB6                               00000006
RB7                               00000007
RBIE                              00000003
RBIF                              00000000
RC0                               00000000
RC1                               00000001
RC2                               00000002
RC3                               00000003
RC4                               00000004
RC5                               00000005
RC6                               00000006
RC7                               00000007
RC8_9                             00000006
RC9                               00000006
RCD8                              00000000
RCEN                              00000003
RCIDL                             00000006
RCIE                              00000005
RCIF                              00000005
RCREG                             0000001A
RCSTA                             00000018
RD                                00000000
RD0                               00000000
RD1                               00000001
RD2                               00000002
RD3                               00000003
MPASM 5.81            TRABAJO5INTEGRADOR.ASM   11-16-2025  23:19:31         PAGE 20


SYMBOL TABLE
  LABEL                             VALUE 

RD4                               00000004
RD5                               00000005
RD6                               00000006
RD7                               00000007
RE0                               00000000
RE1                               00000001
RE2                               00000002
RE3                               00000003
READ_WRITE                        00000002
RP0                               00000005
RP1                               00000006
RSEN                              00000001
RX9                               00000006
RX9D                              00000000
R_NOT_W                           00000002
R_W                               00000002
S                                 00000003
SBOREN                            00000004
SCKP                              00000004
SCS                               00000000
SEN                               00000000
SENDB                             00000003
SMP                               00000007
SPBRG                             00000099
SPBRGH                            0000009A
SPEN                              00000007
SR0                               00000006
SR1                               00000007
SRCON                             00000185
SREN                              00000005
SSPADD                            00000093
SSPBUF                            00000013
SSPCON                            00000014
SSPCON2                           00000091
SSPEN                             00000005
SSPIE                             00000003
SSPIF                             00000003
SSPM0                             00000000
SSPM1                             00000001
SSPM2                             00000002
SSPM3                             00000003
SSPMSK                            00000093
SSPOV                             00000006
SSPSTAT                           00000094
STATUS                            00000003
STATUS_TEMP                       00000021
STRA                              00000000
STRB                              00000001
STRC                              00000002
STRD                              00000003
STRSYNC                           00000004
SWDTEN                            00000000
SYNC                              00000004
MPASM 5.81            TRABAJO5INTEGRADOR.ASM   11-16-2025  23:19:31         PAGE 21


SYMBOL TABLE
  LABEL                             VALUE 

T0CS                              00000005
T0IE                              00000005
T0IF                              00000002
T0SE                              00000004
T1CKPS0                           00000004
T1CKPS1                           00000005
T1CON                             00000010
T1GINV                            00000007
T1GIV                             00000007
T1GSS                             00000001
T1INSYNC                          00000002
T1OSCEN                           00000003
T1SYNC                            00000002
T2CKPS0                           00000000
T2CKPS1                           00000001
T2CON                             00000012
TABLA_MAXdB                       0000011E
TABLA_TECL                        00000132
TECL_DELAYC1                      00000072
TECL_DELAYC2                      00000077
TECL_DELAYC3                      0000007C
TECL_DELAYC4                      00000081
TECL_LOAD                         00000086
TECL_RES                          00000090
TEMP1                             0000002C
TEST_COL                          0000005F
TEST_FIL                          0000006C
TMR0                              00000001
TMR0IE                            00000005
TMR0IF                            00000002
TMR1                              0000000E
TMR1CS                            00000001
TMR1GE                            00000006
TMR1H                             0000000F
TMR1IE                            00000000
TMR1IF                            00000000
TMR1L                             0000000E
TMR1ON                            00000000
TMR2                              00000011
TMR2IE                            00000001
TMR2IF                            00000001
TMR2ON                            00000002
TOUTPS0                           00000003
TOUTPS1                           00000004
TOUTPS2                           00000005
TOUTPS3                           00000006
TRISA                             00000085
TRISA0                            00000000
TRISA1                            00000001
TRISA2                            00000002
TRISA3                            00000003
TRISA4                            00000004
TRISA5                            00000005
MPASM 5.81            TRABAJO5INTEGRADOR.ASM   11-16-2025  23:19:31         PAGE 22


SYMBOL TABLE
  LABEL                             VALUE 

TRISA6                            00000006
TRISA7                            00000007
TRISB                             00000086
TRISB0                            00000000
TRISB1                            00000001
TRISB2                            00000002
TRISB3                            00000003
TRISB4                            00000004
TRISB5                            00000005
TRISB6                            00000006
TRISB7                            00000007
TRISC                             00000087
TRISC0                            00000000
TRISC1                            00000001
TRISC2                            00000002
TRISC3                            00000003
TRISC4                            00000004
TRISC5                            00000005
TRISC6                            00000006
TRISC7                            00000007
TRISD                             00000088
TRISD0                            00000000
TRISD1                            00000001
TRISD2                            00000002
TRISD3                            00000003
TRISD4                            00000004
TRISD5                            00000005
TRISD6                            00000006
TRISD7                            00000007
TRISE                             00000089
TRISE0                            00000000
TRISE1                            00000001
TRISE2                            00000002
TRISE3                            00000003
TRMT                              00000001
TUN0                              00000000
TUN1                              00000001
TUN2                              00000002
TUN3                              00000003
TUN4                              00000004
TX8_9                             00000006
TX9                               00000006
TX9D                              00000000
TXD8                              00000000
TXEN                              00000005
TXIE                              00000004
TXIF                              00000004
TXREG                             00000019
TXSTA                             00000098
UA                                00000001
ULPWUE                            00000005
ULPWUIE                           00000002
ULPWUIF                           00000002
MPASM 5.81            TRABAJO5INTEGRADOR.ASM   11-16-2025  23:19:31         PAGE 23


SYMBOL TABLE
  LABEL                             VALUE 

UNI                               00000026
VCFG0                             00000004
VCFG1                             00000005
VR0                               00000000
VR1                               00000001
VR2                               00000002
VR3                               00000003
VRCON                             00000097
VREN                              00000007
VROE                              00000006
VRR                               00000005
VRSS                              00000004
W                                 00000000
WAIT_ADC                          000000AA
WAIT_RELEASE                      00000094
WCOL                              00000007
WDTCON                            00000105
WDTPS0                            00000001
WDTPS1                            00000002
WDTPS2                            00000003
WDTPS3                            00000004
WPUB                              00000095
WPUB0                             00000000
WPUB1                             00000001
WPUB2                             00000002
WPUB3                             00000003
WPUB4                             00000004
WPUB5                             00000005
WPUB6                             00000006
WPUB7                             00000007
WR                                00000001
WREN                              00000002
WRERR                             00000003
WUE                               00000001
W_TEMP                            00000020
Z                                 00000002
_BOR21V                           00003EFF
_BOR40V                           00003FFF
_BOR4V_BOR21V                     00003EFF
_BOR4V_BOR40V                     00003FFF
_BOREN_NSLEEP                     00003EFF
_BOREN_OFF                        00003CFF
_BOREN_ON                         00003FFF
_BOREN_SBODEN                     00003DFF
_BOR_NSLEEP                       00003EFF
_BOR_OFF                          00003CFF
_BOR_ON                           00003FFF
_BOR_SBODEN                       00003DFF
_CONFIG1                          00002007
_CONFIG2                          00002008
_CPD_OFF                          00003FFF
_CPD_ON                           00003F7F
_CP_OFF                           00003FFF
MPASM 5.81            TRABAJO5INTEGRADOR.ASM   11-16-2025  23:19:31         PAGE 24


SYMBOL TABLE
  LABEL                             VALUE 

_CP_ON                            00003FBF
_DEBUG_OFF                        00003FFF
_DEBUG_ON                         00001FFF
_DEVID1                           00002006
_EC_OSC                           00003FFB
_EXTRC                            00003FFF
_EXTRCIO                          00003FFE
_EXTRC_OSC_CLKOUT                 00003FFF
_EXTRC_OSC_NOCLKOUT               00003FFE
_FCMEN_OFF                        000037FF
_FCMEN_ON                         00003FFF
_FOSC_EC                          00003FFB
_FOSC_EXTRC_CLKOUT                00003FFF
_FOSC_EXTRC_NOCLKOUT              00003FFE
_FOSC_HS                          00003FFA
_FOSC_INTRC_CLKOUT                00003FFD
_FOSC_INTRC_NOCLKOUT              00003FFC
_FOSC_LP                          00003FF8
_FOSC_XT                          00003FF9
_HS_OSC                           00003FFA
_IDLOC0                           00002000
_IDLOC1                           00002001
_IDLOC2                           00002002
_IDLOC3                           00002003
_IESO_OFF                         00003BFF
_IESO_ON                          00003FFF
_INTOSC                           00003FFD
_INTOSCIO                         00003FFC
_INTRC_OSC_CLKOUT                 00003FFD
_INTRC_OSC_NOCLKOUT               00003FFC
_LP_OSC                           00003FF8
_LVP_OFF                          00002FFF
_LVP_ON                           00003FFF
_MCLRE_OFF                        00003FDF
_MCLRE_ON                         00003FFF
_PWRTE_OFF                        00003FFF
_PWRTE_ON                         00003FEF
_WDTE_OFF                         00003FF7
_WDTE_ON                          00003FFF
_WDT_OFF                          00003FF7
_WDT_ON                           00003FFF
_WRT_1FOURTH                      00003BFF
_WRT_256                          00003DFF
_WRT_HALF                         000039FF
_WRT_OFF                          00003FFF
_XT_OSC                           00003FF9
__16F887                          00000001

Errors   :     0
Warnings :    29 reported,     0 suppressed
Messages :    22 reported,     0 suppressed

